<?xml version="1.0" encoding="UTF-8"?>
<testsuite name="findLatestByFilters" tests="6" skipped="0" failures="0" errors="0" timestamp="2026-01-23T12:43:04" hostname="Mac" time="0.026">
  <properties/>
  <testcase name="should return NULL experience level record when filter is null - critical null handling" classname="com.jobmarket.repository.JobCountRecordRepositoryTest$FindLatestByFilters" time="0.005"/>
  <testcase name="should return NULL salary record when filter is null - critical null handling" classname="com.jobmarket.repository.JobCountRecordRepositoryTest$FindLatestByFilters" time="0.003"/>
  <testcase name="should return empty when no records exist" classname="com.jobmarket.repository.JobCountRecordRepositoryTest$FindLatestByFilters" time="0.002"/>
  <testcase name="should return empty when filters match no records" classname="com.jobmarket.repository.JobCountRecordRepositoryTest$FindLatestByFilters" time="0.003"/>
  <testcase name="should return the most recent record only" classname="com.jobmarket.repository.JobCountRecordRepositoryTest$FindLatestByFilters" time="0.005"/>
  <testcase name="should respect all filters when determining latest" classname="com.jobmarket.repository.JobCountRecordRepositoryTest$FindLatestByFilters" time="0.004"/>
  <system-out><![CDATA[2026-01-23T13:43:04.134+01:00  INFO 36798 --- [job-market] [    Test worker] t.c.s.AnnotationConfigContextLoaderUtils : Could not detect default configuration classes for test class [com.jobmarket.repository.JobCountRecordRepositoryTest$FindLatestByFilters]: FindLatestByFilters does not declare any static, non-private, non-final, nested classes annotated with @Configuration.
2026-01-23T13:43:04.137+01:00  INFO 36798 --- [job-market] [    Test worker] .b.t.c.SpringBootTestContextBootstrapper : Found @SpringBootConfiguration com.jobmarket.JobMarketApplication for test class com.jobmarket.repository.JobCountRecordRepositoryTest$FindLatestByFilters
Hibernate: 
    select
        jcr1_0.id,
        jcr1_0.category,
        jcr1_0.city,
        jcr1_0.count,
        jcr1_0.created_at,
        jcr1_0.experience_level,
        jcr1_0.fetched_at,
        jcr1_0.location,
        jcr1_0.metric_type,
        jcr1_0.record_date,
        jcr1_0.salary_max,
        jcr1_0.salary_min 
    from
        job_count_record jcr1_0
Hibernate: 
    insert 
    into
        job_count_record
        (category, city, count, created_at, experience_level, fetched_at, location, metric_type, record_date, salary_max, salary_min) 
    values
        (?, ?, ?, ?, ?, ?, ?, ?, ?, ?, ?)
Hibernate: 
    insert 
    into
        job_count_record
        (category, city, count, created_at, experience_level, fetched_at, location, metric_type, record_date, salary_max, salary_min) 
    values
        (?, ?, ?, ?, ?, ?, ?, ?, ?, ?, ?)
Hibernate: 
    select
        jcr1_0.id,
        jcr1_0.category,
        jcr1_0.city,
        jcr1_0.count,
        jcr1_0.created_at,
        jcr1_0.experience_level,
        jcr1_0.fetched_at,
        jcr1_0.location,
        jcr1_0.metric_type,
        jcr1_0.record_date,
        jcr1_0.salary_max,
        jcr1_0.salary_min 
    from
        job_count_record jcr1_0 
    where
        jcr1_0.category=? 
        and jcr1_0.metric_type=? 
        and jcr1_0.location=? 
        and (
            (
                ? is null 
                and jcr1_0.experience_level is null
            ) 
            or jcr1_0.experience_level=?
        ) 
        and (
            (
                ? is null 
                and jcr1_0.salary_min is null
            ) 
            or jcr1_0.salary_min=?
        ) 
        and (
            (
                ? is null 
                and jcr1_0.salary_max is null
            ) 
            or jcr1_0.salary_max=?
        ) 
    order by
        jcr1_0.fetched_at desc 
    fetch
        first 1 rows only
Hibernate: 
    select
        jcr1_0.id,
        jcr1_0.category,
        jcr1_0.city,
        jcr1_0.count,
        jcr1_0.created_at,
        jcr1_0.experience_level,
        jcr1_0.fetched_at,
        jcr1_0.location,
        jcr1_0.metric_type,
        jcr1_0.record_date,
        jcr1_0.salary_max,
        jcr1_0.salary_min 
    from
        job_count_record jcr1_0
Hibernate: 
    insert 
    into
        job_count_record
        (category, city, count, created_at, experience_level, fetched_at, location, metric_type, record_date, salary_max, salary_min) 
    values
        (?, ?, ?, ?, ?, ?, ?, ?, ?, ?, ?)
Hibernate: 
    insert 
    into
        job_count_record
        (category, city, count, created_at, experience_level, fetched_at, location, metric_type, record_date, salary_max, salary_min) 
    values
        (?, ?, ?, ?, ?, ?, ?, ?, ?, ?, ?)
Hibernate: 
    select
        jcr1_0.id,
        jcr1_0.category,
        jcr1_0.city,
        jcr1_0.count,
        jcr1_0.created_at,
        jcr1_0.experience_level,
        jcr1_0.fetched_at,
        jcr1_0.location,
        jcr1_0.metric_type,
        jcr1_0.record_date,
        jcr1_0.salary_max,
        jcr1_0.salary_min 
    from
        job_count_record jcr1_0 
    where
        jcr1_0.category=? 
        and jcr1_0.metric_type=? 
        and jcr1_0.location=? 
        and (
            (
                ? is null 
                and jcr1_0.experience_level is null
            ) 
            or jcr1_0.experience_level=?
        ) 
        and (
            (
                ? is null 
                and jcr1_0.salary_min is null
            ) 
            or jcr1_0.salary_min=?
        ) 
        and (
            (
                ? is null 
                and jcr1_0.salary_max is null
            ) 
            or jcr1_0.salary_max=?
        ) 
    order by
        jcr1_0.fetched_at desc 
    fetch
        first 1 rows only
Hibernate: 
    select
        jcr1_0.id,
        jcr1_0.category,
        jcr1_0.city,
        jcr1_0.count,
        jcr1_0.created_at,
        jcr1_0.experience_level,
        jcr1_0.fetched_at,
        jcr1_0.location,
        jcr1_0.metric_type,
        jcr1_0.record_date,
        jcr1_0.salary_max,
        jcr1_0.salary_min 
    from
        job_count_record jcr1_0
Hibernate: 
    select
        jcr1_0.id,
        jcr1_0.category,
        jcr1_0.city,
        jcr1_0.count,
        jcr1_0.created_at,
        jcr1_0.experience_level,
        jcr1_0.fetched_at,
        jcr1_0.location,
        jcr1_0.metric_type,
        jcr1_0.record_date,
        jcr1_0.salary_max,
        jcr1_0.salary_min 
    from
        job_count_record jcr1_0 
    where
        jcr1_0.category=? 
        and jcr1_0.metric_type=? 
        and jcr1_0.location=? 
        and (
            (
                ? is null 
                and jcr1_0.experience_level is null
            ) 
            or jcr1_0.experience_level=?
        ) 
        and (
            (
                ? is null 
                and jcr1_0.salary_min is null
            ) 
            or jcr1_0.salary_min=?
        ) 
        and (
            (
                ? is null 
                and jcr1_0.salary_max is null
            ) 
            or jcr1_0.salary_max=?
        ) 
    order by
        jcr1_0.fetched_at desc 
    fetch
        first 1 rows only
Hibernate: 
    select
        jcr1_0.id,
        jcr1_0.category,
        jcr1_0.city,
        jcr1_0.count,
        jcr1_0.created_at,
        jcr1_0.experience_level,
        jcr1_0.fetched_at,
        jcr1_0.location,
        jcr1_0.metric_type,
        jcr1_0.record_date,
        jcr1_0.salary_max,
        jcr1_0.salary_min 
    from
        job_count_record jcr1_0
Hibernate: 
    insert 
    into
        job_count_record
        (category, city, count, created_at, experience_level, fetched_at, location, metric_type, record_date, salary_max, salary_min) 
    values
        (?, ?, ?, ?, ?, ?, ?, ?, ?, ?, ?)
Hibernate: 
    select
        jcr1_0.id,
        jcr1_0.category,
        jcr1_0.city,
        jcr1_0.count,
        jcr1_0.created_at,
        jcr1_0.experience_level,
        jcr1_0.fetched_at,
        jcr1_0.location,
        jcr1_0.metric_type,
        jcr1_0.record_date,
        jcr1_0.salary_max,
        jcr1_0.salary_min 
    from
        job_count_record jcr1_0 
    where
        jcr1_0.category=? 
        and jcr1_0.metric_type=? 
        and jcr1_0.location=? 
        and (
            (
                ? is null 
                and jcr1_0.experience_level is null
            ) 
            or jcr1_0.experience_level=?
        ) 
        and (
            (
                ? is null 
                and jcr1_0.salary_min is null
            ) 
            or jcr1_0.salary_min=?
        ) 
        and (
            (
                ? is null 
                and jcr1_0.salary_max is null
            ) 
            or jcr1_0.salary_max=?
        ) 
    order by
        jcr1_0.fetched_at desc 
    fetch
        first 1 rows only
Hibernate: 
    select
        jcr1_0.id,
        jcr1_0.category,
        jcr1_0.city,
        jcr1_0.count,
        jcr1_0.created_at,
        jcr1_0.experience_level,
        jcr1_0.fetched_at,
        jcr1_0.location,
        jcr1_0.metric_type,
        jcr1_0.record_date,
        jcr1_0.salary_max,
        jcr1_0.salary_min 
    from
        job_count_record jcr1_0
Hibernate: 
    insert 
    into
        job_count_record
        (category, city, count, created_at, experience_level, fetched_at, location, metric_type, record_date, salary_max, salary_min) 
    values
        (?, ?, ?, ?, ?, ?, ?, ?, ?, ?, ?)
Hibernate: 
    insert 
    into
        job_count_record
        (category, city, count, created_at, experience_level, fetched_at, location, metric_type, record_date, salary_max, salary_min) 
    values
        (?, ?, ?, ?, ?, ?, ?, ?, ?, ?, ?)
Hibernate: 
    insert 
    into
        job_count_record
        (category, city, count, created_at, experience_level, fetched_at, location, metric_type, record_date, salary_max, salary_min) 
    values
        (?, ?, ?, ?, ?, ?, ?, ?, ?, ?, ?)
Hibernate: 
    select
        jcr1_0.id,
        jcr1_0.category,
        jcr1_0.city,
        jcr1_0.count,
        jcr1_0.created_at,
        jcr1_0.experience_level,
        jcr1_0.fetched_at,
        jcr1_0.location,
        jcr1_0.metric_type,
        jcr1_0.record_date,
        jcr1_0.salary_max,
        jcr1_0.salary_min 
    from
        job_count_record jcr1_0 
    where
        jcr1_0.category=? 
        and jcr1_0.metric_type=? 
        and jcr1_0.location=? 
        and (
            (
                ? is null 
                and jcr1_0.experience_level is null
            ) 
            or jcr1_0.experience_level=?
        ) 
        and (
            (
                ? is null 
                and jcr1_0.salary_min is null
            ) 
            or jcr1_0.salary_min=?
        ) 
        and (
            (
                ? is null 
                and jcr1_0.salary_max is null
            ) 
            or jcr1_0.salary_max=?
        ) 
    order by
        jcr1_0.fetched_at desc 
    fetch
        first 1 rows only
Hibernate: 
    select
        jcr1_0.id,
        jcr1_0.category,
        jcr1_0.city,
        jcr1_0.count,
        jcr1_0.created_at,
        jcr1_0.experience_level,
        jcr1_0.fetched_at,
        jcr1_0.location,
        jcr1_0.metric_type,
        jcr1_0.record_date,
        jcr1_0.salary_max,
        jcr1_0.salary_min 
    from
        job_count_record jcr1_0
Hibernate: 
    insert 
    into
        job_count_record
        (category, city, count, created_at, experience_level, fetched_at, location, metric_type, record_date, salary_max, salary_min) 
    values
        (?, ?, ?, ?, ?, ?, ?, ?, ?, ?, ?)
Hibernate: 
    insert 
    into
        job_count_record
        (category, city, count, created_at, experience_level, fetched_at, location, metric_type, record_date, salary_max, salary_min) 
    values
        (?, ?, ?, ?, ?, ?, ?, ?, ?, ?, ?)
Hibernate: 
    select
        jcr1_0.id,
        jcr1_0.category,
        jcr1_0.city,
        jcr1_0.count,
        jcr1_0.created_at,
        jcr1_0.experience_level,
        jcr1_0.fetched_at,
        jcr1_0.location,
        jcr1_0.metric_type,
        jcr1_0.record_date,
        jcr1_0.salary_max,
        jcr1_0.salary_min 
    from
        job_count_record jcr1_0 
    where
        jcr1_0.category=? 
        and jcr1_0.metric_type=? 
        and jcr1_0.location=? 
        and (
            (
                ? is null 
                and jcr1_0.experience_level is null
            ) 
            or jcr1_0.experience_level=?
        ) 
        and (
            (
                ? is null 
                and jcr1_0.salary_min is null
            ) 
            or jcr1_0.salary_min=?
        ) 
        and (
            (
                ? is null 
                and jcr1_0.salary_max is null
            ) 
            or jcr1_0.salary_max=?
        ) 
    order by
        jcr1_0.fetched_at desc 
    fetch
        first 1 rows only
]]></system-out>
  <system-err><![CDATA[]]></system-err>
</testsuite>
