<?xml version="1.0" encoding="UTF-8"?>
<testsuite name="findLatestTwoByFilters" tests="9" skipped="0" failures="0" errors="0" timestamp="2026-01-23T12:43:03" hostname="Mac" time="0.506">
  <properties/>
  <testcase name="should respect all filters when determining latest two" classname="com.jobmarket.repository.JobCountRecordRepositoryTest$FindLatestTwoByFilters" time="0.444"/>
  <testcase name="should return NULL salary records when filter is null - critical null handling" classname="com.jobmarket.repository.JobCountRecordRepositoryTest$FindLatestTwoByFilters" time="0.007"/>
  <testcase name="should return only one record when only one exists" classname="com.jobmarket.repository.JobCountRecordRepositoryTest$FindLatestTwoByFilters" time="0.005"/>
  <testcase name="should return NULL experience level records when filter is null - critical null handling" classname="com.jobmarket.repository.JobCountRecordRepositoryTest$FindLatestTwoByFilters" time="0.007"/>
  <testcase name="should return the two most recent records in descending order" classname="com.jobmarket.repository.JobCountRecordRepositoryTest$FindLatestTwoByFilters" time="0.006"/>
  <testcase name="should return empty list when no records exist" classname="com.jobmarket.repository.JobCountRecordRepositoryTest$FindLatestTwoByFilters" time="0.003"/>
  <testcase name="should limit results to exactly two records when more exist" classname="com.jobmarket.repository.JobCountRecordRepositoryTest$FindLatestTwoByFilters" time="0.006"/>
  <testcase name="should return empty when filters match no records" classname="com.jobmarket.repository.JobCountRecordRepositoryTest$FindLatestTwoByFilters" time="0.013"/>
  <testcase name="should handle all filter combinations correctly" classname="com.jobmarket.repository.JobCountRecordRepositoryTest$FindLatestTwoByFilters" time="0.008"/>
  <system-out><![CDATA[13:43:01.658 [Test worker] INFO org.springframework.test.context.support.AnnotationConfigContextLoaderUtils -- Could not detect default configuration classes for test class [com.jobmarket.repository.JobCountRecordRepositoryTest$FindLatestTwoByFilters]: FindLatestTwoByFilters does not declare any static, non-private, non-final, nested classes annotated with @Configuration.
13:43:01.664 [Test worker] INFO org.springframework.boot.test.context.SpringBootTestContextBootstrapper -- Found @SpringBootConfiguration com.jobmarket.JobMarketApplication for test class com.jobmarket.repository.JobCountRecordRepositoryTest$FindLatestTwoByFilters

  .   ____          _            __ _ _
 /\\ / ___'_ __ _ _(_)_ __  __ _ \ \ \ \
( ( )\___ | '_ | '_| | '_ \/ _` | \ \ \ \
 \\/  ___)| |_)| | | | | || (_| |  ) ) ) )
  '  |____| .__|_| |_|_| |_\__, | / / / /
 =========|_|==============|___/=/_/_/_/

 :: Spring Boot ::                (v3.4.1)

2026-01-23T13:43:01.814+01:00  INFO 36798 --- [job-market] [    Test worker] c.j.r.JobCountRecordRepositoryTest       : Starting JobCountRecordRepositoryTest using Java 21.0.4 with PID 36798 (started by gajewskij in /Users/gajewskij/Projects/job-market/.auto-claude/worktrees/tasks/002-i-want-to-create-as-few-queries-to-get-my-nessesea/backend)
2026-01-23T13:43:01.814+01:00 DEBUG 36798 --- [job-market] [    Test worker] c.j.r.JobCountRecordRepositoryTest       : Running with Spring Boot v3.4.1, Spring v6.2.1
2026-01-23T13:43:01.815+01:00  INFO 36798 --- [job-market] [    Test worker] c.j.r.JobCountRecordRepositoryTest       : The following 1 profile is active: "dev"
2026-01-23T13:43:02.067+01:00  INFO 36798 --- [job-market] [    Test worker] .s.d.r.c.RepositoryConfigurationDelegate : Bootstrapping Spring Data JPA repositories in DEFAULT mode.
2026-01-23T13:43:02.139+01:00  INFO 36798 --- [job-market] [    Test worker] .s.d.r.c.RepositoryConfigurationDelegate : Finished Spring Data repository scanning in 69 ms. Found 3 JPA repository interfaces.
2026-01-23T13:43:02.168+01:00  INFO 36798 --- [job-market] [    Test worker] beddedDataSourceBeanFactoryPostProcessor : Replacing 'dataSource' DataSource bean with embedded version
2026-01-23T13:43:02.242+01:00  INFO 36798 --- [job-market] [    Test worker] o.s.j.d.e.EmbeddedDatabaseFactory        : Starting embedded database: url='jdbc:h2:mem:57487f29-3ae4-48e5-b7fc-68b40de9e404;DB_CLOSE_DELAY=-1;DB_CLOSE_ON_EXIT=false', username='sa'
2026-01-23T13:43:02.385+01:00  INFO 36798 --- [job-market] [    Test worker] org.flywaydb.core.FlywayExecutor         : Database: jdbc:h2:mem:57487f29-3ae4-48e5-b7fc-68b40de9e404 (H2 2.3)
2026-01-23T13:43:02.387+01:00  WARN 36798 --- [job-market] [    Test worker] o.f.c.internal.database.base.Database    : Flyway upgrade recommended: H2 2.3.232 is newer than this version of Flyway and support has not been tested. The latest supported version of H2 is 2.2.224.
2026-01-23T13:43:02.399+01:00  INFO 36798 --- [job-market] [    Test worker] o.f.c.i.s.JdbcTableSchemaHistory         : Schema history table "PUBLIC"."flyway_schema_history" does not exist yet
2026-01-23T13:43:02.400+01:00  INFO 36798 --- [job-market] [    Test worker] o.f.core.internal.command.DbValidate     : Successfully validated 1 migration (execution time 00:00.008s)
2026-01-23T13:43:02.403+01:00  INFO 36798 --- [job-market] [    Test worker] o.f.c.i.s.JdbcTableSchemaHistory         : Creating Schema History table "PUBLIC"."flyway_schema_history" ...
2026-01-23T13:43:02.417+01:00  INFO 36798 --- [job-market] [    Test worker] o.f.core.internal.command.DbMigrate      : Current version of schema "PUBLIC": << Empty Schema >>
2026-01-23T13:43:02.423+01:00  INFO 36798 --- [job-market] [    Test worker] o.f.core.internal.command.DbMigrate      : Migrating schema "PUBLIC" to version "1 - init schema"
2026-01-23T13:43:02.438+01:00  INFO 36798 --- [job-market] [    Test worker] o.f.core.internal.command.DbMigrate      : Successfully applied 1 migration to schema "PUBLIC", now at version v1 (execution time 00:00.009s)
2026-01-23T13:43:02.473+01:00  INFO 36798 --- [job-market] [    Test worker] o.hibernate.jpa.internal.util.LogHelper  : HHH000204: Processing PersistenceUnitInfo [name: default]
2026-01-23T13:43:02.497+01:00  INFO 36798 --- [job-market] [    Test worker] org.hibernate.Version                    : HHH000412: Hibernate ORM core version 6.6.4.Final
2026-01-23T13:43:02.510+01:00  INFO 36798 --- [job-market] [    Test worker] o.h.c.internal.RegionFactoryInitiator    : HHH000026: Second-level cache disabled
2026-01-23T13:43:02.597+01:00  INFO 36798 --- [job-market] [    Test worker] o.s.o.j.p.SpringPersistenceUnitInfo      : No LoadTimeWeaver setup: ignoring JPA class transformer
2026-01-23T13:43:02.614+01:00  WARN 36798 --- [job-market] [    Test worker] org.hibernate.dialect.Dialect            : HHH000511: The 2.3.232 version for [org.hibernate.dialect.PostgreSQLDialect] is no longer supported, hence certain features may not work properly. The minimum supported version is 12.0.0. Check the community dialects project for available legacy versions.
2026-01-23T13:43:02.615+01:00  WARN 36798 --- [job-market] [    Test worker] org.hibernate.orm.deprecation            : HHH90000025: PostgreSQLDialect does not need to be specified explicitly using 'hibernate.dialect' (remove the property setting and it will be selected by default)
2026-01-23T13:43:02.619+01:00  INFO 36798 --- [job-market] [    Test worker] org.hibernate.orm.connections.pooling    : HHH10001005: Database info:
	Database JDBC URL [Connecting through datasource 'org.springframework.jdbc.datasource.embedded.EmbeddedDatabaseFactory$EmbeddedDataSourceProxy@213ceb4e']
	Database driver: undefined/unknown
	Database version: 2.3.232
	Autocommit mode: undefined/unknown
	Isolation level: undefined/unknown
	Minimum pool size: undefined/unknown
	Maximum pool size: undefined/unknown
2026-01-23T13:43:02.912+01:00  INFO 36798 --- [job-market] [    Test worker] o.h.e.t.j.p.i.JtaPlatformInitiator       : HHH000489: No JTA platform available (set 'hibernate.transaction.jta.platform' to enable JTA platform integration)
2026-01-23T13:43:02.918+01:00  INFO 36798 --- [job-market] [    Test worker] j.LocalContainerEntityManagerFactoryBean : Initialized JPA EntityManagerFactory for persistence unit 'default'
2026-01-23T13:43:03.038+01:00  INFO 36798 --- [job-market] [    Test worker] o.s.d.j.r.query.QueryEnhancerFactory     : Hibernate is in classpath; If applicable, HQL parser will be used.
2026-01-23T13:43:03.582+01:00  INFO 36798 --- [job-market] [    Test worker] c.j.r.JobCountRecordRepositoryTest       : Started JobCountRecordRepositoryTest in 1.898 seconds (process running for 2.583)
Hibernate: 
    select
        jcr1_0.id,
        jcr1_0.category,
        jcr1_0.city,
        jcr1_0.count,
        jcr1_0.created_at,
        jcr1_0.experience_level,
        jcr1_0.fetched_at,
        jcr1_0.location,
        jcr1_0.metric_type,
        jcr1_0.record_date,
        jcr1_0.salary_max,
        jcr1_0.salary_min 
    from
        job_count_record jcr1_0
Hibernate: 
    insert 
    into
        job_count_record
        (category, city, count, created_at, experience_level, fetched_at, location, metric_type, record_date, salary_max, salary_min) 
    values
        (?, ?, ?, ?, ?, ?, ?, ?, ?, ?, ?)
Hibernate: 
    insert 
    into
        job_count_record
        (category, city, count, created_at, experience_level, fetched_at, location, metric_type, record_date, salary_max, salary_min) 
    values
        (?, ?, ?, ?, ?, ?, ?, ?, ?, ?, ?)
Hibernate: 
    insert 
    into
        job_count_record
        (category, city, count, created_at, experience_level, fetched_at, location, metric_type, record_date, salary_max, salary_min) 
    values
        (?, ?, ?, ?, ?, ?, ?, ?, ?, ?, ?)
Hibernate: 
    insert 
    into
        job_count_record
        (category, city, count, created_at, experience_level, fetched_at, location, metric_type, record_date, salary_max, salary_min) 
    values
        (?, ?, ?, ?, ?, ?, ?, ?, ?, ?, ?)
Hibernate: 
    select
        jcr1_0.id,
        jcr1_0.category,
        jcr1_0.city,
        jcr1_0.count,
        jcr1_0.created_at,
        jcr1_0.experience_level,
        jcr1_0.fetched_at,
        jcr1_0.location,
        jcr1_0.metric_type,
        jcr1_0.record_date,
        jcr1_0.salary_max,
        jcr1_0.salary_min 
    from
        job_count_record jcr1_0 
    where
        jcr1_0.category=? 
        and jcr1_0.metric_type=? 
        and jcr1_0.location=? 
        and (
            (
                ? is null 
                and jcr1_0.experience_level is null
            ) 
            or jcr1_0.experience_level=?
        ) 
        and (
            (
                ? is null 
                and jcr1_0.salary_min is null
            ) 
            or jcr1_0.salary_min=?
        ) 
        and (
            (
                ? is null 
                and jcr1_0.salary_max is null
            ) 
            or jcr1_0.salary_max=?
        ) 
    order by
        jcr1_0.fetched_at desc 
    fetch
        first 2 rows only
Hibernate: 
    select
        jcr1_0.id,
        jcr1_0.category,
        jcr1_0.city,
        jcr1_0.count,
        jcr1_0.created_at,
        jcr1_0.experience_level,
        jcr1_0.fetched_at,
        jcr1_0.location,
        jcr1_0.metric_type,
        jcr1_0.record_date,
        jcr1_0.salary_max,
        jcr1_0.salary_min 
    from
        job_count_record jcr1_0
Hibernate: 
    insert 
    into
        job_count_record
        (category, city, count, created_at, experience_level, fetched_at, location, metric_type, record_date, salary_max, salary_min) 
    values
        (?, ?, ?, ?, ?, ?, ?, ?, ?, ?, ?)
Hibernate: 
    insert 
    into
        job_count_record
        (category, city, count, created_at, experience_level, fetched_at, location, metric_type, record_date, salary_max, salary_min) 
    values
        (?, ?, ?, ?, ?, ?, ?, ?, ?, ?, ?)
Hibernate: 
    insert 
    into
        job_count_record
        (category, city, count, created_at, experience_level, fetched_at, location, metric_type, record_date, salary_max, salary_min) 
    values
        (?, ?, ?, ?, ?, ?, ?, ?, ?, ?, ?)
Hibernate: 
    select
        jcr1_0.id,
        jcr1_0.category,
        jcr1_0.city,
        jcr1_0.count,
        jcr1_0.created_at,
        jcr1_0.experience_level,
        jcr1_0.fetched_at,
        jcr1_0.location,
        jcr1_0.metric_type,
        jcr1_0.record_date,
        jcr1_0.salary_max,
        jcr1_0.salary_min 
    from
        job_count_record jcr1_0 
    where
        jcr1_0.category=? 
        and jcr1_0.metric_type=? 
        and jcr1_0.location=? 
        and (
            (
                ? is null 
                and jcr1_0.experience_level is null
            ) 
            or jcr1_0.experience_level=?
        ) 
        and (
            (
                ? is null 
                and jcr1_0.salary_min is null
            ) 
            or jcr1_0.salary_min=?
        ) 
        and (
            (
                ? is null 
                and jcr1_0.salary_max is null
            ) 
            or jcr1_0.salary_max=?
        ) 
    order by
        jcr1_0.fetched_at desc 
    fetch
        first 2 rows only
Hibernate: 
    select
        jcr1_0.id,
        jcr1_0.category,
        jcr1_0.city,
        jcr1_0.count,
        jcr1_0.created_at,
        jcr1_0.experience_level,
        jcr1_0.fetched_at,
        jcr1_0.location,
        jcr1_0.metric_type,
        jcr1_0.record_date,
        jcr1_0.salary_max,
        jcr1_0.salary_min 
    from
        job_count_record jcr1_0
Hibernate: 
    insert 
    into
        job_count_record
        (category, city, count, created_at, experience_level, fetched_at, location, metric_type, record_date, salary_max, salary_min) 
    values
        (?, ?, ?, ?, ?, ?, ?, ?, ?, ?, ?)
Hibernate: 
    select
        jcr1_0.id,
        jcr1_0.category,
        jcr1_0.city,
        jcr1_0.count,
        jcr1_0.created_at,
        jcr1_0.experience_level,
        jcr1_0.fetched_at,
        jcr1_0.location,
        jcr1_0.metric_type,
        jcr1_0.record_date,
        jcr1_0.salary_max,
        jcr1_0.salary_min 
    from
        job_count_record jcr1_0 
    where
        jcr1_0.category=? 
        and jcr1_0.metric_type=? 
        and jcr1_0.location=? 
        and (
            (
                ? is null 
                and jcr1_0.experience_level is null
            ) 
            or jcr1_0.experience_level=?
        ) 
        and (
            (
                ? is null 
                and jcr1_0.salary_min is null
            ) 
            or jcr1_0.salary_min=?
        ) 
        and (
            (
                ? is null 
                and jcr1_0.salary_max is null
            ) 
            or jcr1_0.salary_max=?
        ) 
    order by
        jcr1_0.fetched_at desc 
    fetch
        first 2 rows only
Hibernate: 
    select
        jcr1_0.id,
        jcr1_0.category,
        jcr1_0.city,
        jcr1_0.count,
        jcr1_0.created_at,
        jcr1_0.experience_level,
        jcr1_0.fetched_at,
        jcr1_0.location,
        jcr1_0.metric_type,
        jcr1_0.record_date,
        jcr1_0.salary_max,
        jcr1_0.salary_min 
    from
        job_count_record jcr1_0
Hibernate: 
    insert 
    into
        job_count_record
        (category, city, count, created_at, experience_level, fetched_at, location, metric_type, record_date, salary_max, salary_min) 
    values
        (?, ?, ?, ?, ?, ?, ?, ?, ?, ?, ?)
Hibernate: 
    insert 
    into
        job_count_record
        (category, city, count, created_at, experience_level, fetched_at, location, metric_type, record_date, salary_max, salary_min) 
    values
        (?, ?, ?, ?, ?, ?, ?, ?, ?, ?, ?)
Hibernate: 
    insert 
    into
        job_count_record
        (category, city, count, created_at, experience_level, fetched_at, location, metric_type, record_date, salary_max, salary_min) 
    values
        (?, ?, ?, ?, ?, ?, ?, ?, ?, ?, ?)
Hibernate: 
    select
        jcr1_0.id,
        jcr1_0.category,
        jcr1_0.city,
        jcr1_0.count,
        jcr1_0.created_at,
        jcr1_0.experience_level,
        jcr1_0.fetched_at,
        jcr1_0.location,
        jcr1_0.metric_type,
        jcr1_0.record_date,
        jcr1_0.salary_max,
        jcr1_0.salary_min 
    from
        job_count_record jcr1_0 
    where
        jcr1_0.category=? 
        and jcr1_0.metric_type=? 
        and jcr1_0.location=? 
        and (
            (
                ? is null 
                and jcr1_0.experience_level is null
            ) 
            or jcr1_0.experience_level=?
        ) 
        and (
            (
                ? is null 
                and jcr1_0.salary_min is null
            ) 
            or jcr1_0.salary_min=?
        ) 
        and (
            (
                ? is null 
                and jcr1_0.salary_max is null
            ) 
            or jcr1_0.salary_max=?
        ) 
    order by
        jcr1_0.fetched_at desc 
    fetch
        first 2 rows only
Hibernate: 
    select
        jcr1_0.id,
        jcr1_0.category,
        jcr1_0.city,
        jcr1_0.count,
        jcr1_0.created_at,
        jcr1_0.experience_level,
        jcr1_0.fetched_at,
        jcr1_0.location,
        jcr1_0.metric_type,
        jcr1_0.record_date,
        jcr1_0.salary_max,
        jcr1_0.salary_min 
    from
        job_count_record jcr1_0
Hibernate: 
    insert 
    into
        job_count_record
        (category, city, count, created_at, experience_level, fetched_at, location, metric_type, record_date, salary_max, salary_min) 
    values
        (?, ?, ?, ?, ?, ?, ?, ?, ?, ?, ?)
Hibernate: 
    insert 
    into
        job_count_record
        (category, city, count, created_at, experience_level, fetched_at, location, metric_type, record_date, salary_max, salary_min) 
    values
        (?, ?, ?, ?, ?, ?, ?, ?, ?, ?, ?)
Hibernate: 
    insert 
    into
        job_count_record
        (category, city, count, created_at, experience_level, fetched_at, location, metric_type, record_date, salary_max, salary_min) 
    values
        (?, ?, ?, ?, ?, ?, ?, ?, ?, ?, ?)
Hibernate: 
    select
        jcr1_0.id,
        jcr1_0.category,
        jcr1_0.city,
        jcr1_0.count,
        jcr1_0.created_at,
        jcr1_0.experience_level,
        jcr1_0.fetched_at,
        jcr1_0.location,
        jcr1_0.metric_type,
        jcr1_0.record_date,
        jcr1_0.salary_max,
        jcr1_0.salary_min 
    from
        job_count_record jcr1_0 
    where
        jcr1_0.category=? 
        and jcr1_0.metric_type=? 
        and jcr1_0.location=? 
        and (
            (
                ? is null 
                and jcr1_0.experience_level is null
            ) 
            or jcr1_0.experience_level=?
        ) 
        and (
            (
                ? is null 
                and jcr1_0.salary_min is null
            ) 
            or jcr1_0.salary_min=?
        ) 
        and (
            (
                ? is null 
                and jcr1_0.salary_max is null
            ) 
            or jcr1_0.salary_max=?
        ) 
    order by
        jcr1_0.fetched_at desc 
    fetch
        first 2 rows only
Hibernate: 
    select
        jcr1_0.id,
        jcr1_0.category,
        jcr1_0.city,
        jcr1_0.count,
        jcr1_0.created_at,
        jcr1_0.experience_level,
        jcr1_0.fetched_at,
        jcr1_0.location,
        jcr1_0.metric_type,
        jcr1_0.record_date,
        jcr1_0.salary_max,
        jcr1_0.salary_min 
    from
        job_count_record jcr1_0
Hibernate: 
    select
        jcr1_0.id,
        jcr1_0.category,
        jcr1_0.city,
        jcr1_0.count,
        jcr1_0.created_at,
        jcr1_0.experience_level,
        jcr1_0.fetched_at,
        jcr1_0.location,
        jcr1_0.metric_type,
        jcr1_0.record_date,
        jcr1_0.salary_max,
        jcr1_0.salary_min 
    from
        job_count_record jcr1_0 
    where
        jcr1_0.category=? 
        and jcr1_0.metric_type=? 
        and jcr1_0.location=? 
        and (
            (
                ? is null 
                and jcr1_0.experience_level is null
            ) 
            or jcr1_0.experience_level=?
        ) 
        and (
            (
                ? is null 
                and jcr1_0.salary_min is null
            ) 
            or jcr1_0.salary_min=?
        ) 
        and (
            (
                ? is null 
                and jcr1_0.salary_max is null
            ) 
            or jcr1_0.salary_max=?
        ) 
    order by
        jcr1_0.fetched_at desc 
    fetch
        first 2 rows only
Hibernate: 
    select
        jcr1_0.id,
        jcr1_0.category,
        jcr1_0.city,
        jcr1_0.count,
        jcr1_0.created_at,
        jcr1_0.experience_level,
        jcr1_0.fetched_at,
        jcr1_0.location,
        jcr1_0.metric_type,
        jcr1_0.record_date,
        jcr1_0.salary_max,
        jcr1_0.salary_min 
    from
        job_count_record jcr1_0
Hibernate: 
    insert 
    into
        job_count_record
        (category, city, count, created_at, experience_level, fetched_at, location, metric_type, record_date, salary_max, salary_min) 
    values
        (?, ?, ?, ?, ?, ?, ?, ?, ?, ?, ?)
Hibernate: 
    insert 
    into
        job_count_record
        (category, city, count, created_at, experience_level, fetched_at, location, metric_type, record_date, salary_max, salary_min) 
    values
        (?, ?, ?, ?, ?, ?, ?, ?, ?, ?, ?)
Hibernate: 
    insert 
    into
        job_count_record
        (category, city, count, created_at, experience_level, fetched_at, location, metric_type, record_date, salary_max, salary_min) 
    values
        (?, ?, ?, ?, ?, ?, ?, ?, ?, ?, ?)
Hibernate: 
    insert 
    into
        job_count_record
        (category, city, count, created_at, experience_level, fetched_at, location, metric_type, record_date, salary_max, salary_min) 
    values
        (?, ?, ?, ?, ?, ?, ?, ?, ?, ?, ?)
Hibernate: 
    insert 
    into
        job_count_record
        (category, city, count, created_at, experience_level, fetched_at, location, metric_type, record_date, salary_max, salary_min) 
    values
        (?, ?, ?, ?, ?, ?, ?, ?, ?, ?, ?)
Hibernate: 
    select
        jcr1_0.id,
        jcr1_0.category,
        jcr1_0.city,
        jcr1_0.count,
        jcr1_0.created_at,
        jcr1_0.experience_level,
        jcr1_0.fetched_at,
        jcr1_0.location,
        jcr1_0.metric_type,
        jcr1_0.record_date,
        jcr1_0.salary_max,
        jcr1_0.salary_min 
    from
        job_count_record jcr1_0 
    where
        jcr1_0.category=? 
        and jcr1_0.metric_type=? 
        and jcr1_0.location=? 
        and (
            (
                ? is null 
                and jcr1_0.experience_level is null
            ) 
            or jcr1_0.experience_level=?
        ) 
        and (
            (
                ? is null 
                and jcr1_0.salary_min is null
            ) 
            or jcr1_0.salary_min=?
        ) 
        and (
            (
                ? is null 
                and jcr1_0.salary_max is null
            ) 
            or jcr1_0.salary_max=?
        ) 
    order by
        jcr1_0.fetched_at desc 
    fetch
        first 2 rows only
Hibernate: 
    select
        jcr1_0.id,
        jcr1_0.category,
        jcr1_0.city,
        jcr1_0.count,
        jcr1_0.created_at,
        jcr1_0.experience_level,
        jcr1_0.fetched_at,
        jcr1_0.location,
        jcr1_0.metric_type,
        jcr1_0.record_date,
        jcr1_0.salary_max,
        jcr1_0.salary_min 
    from
        job_count_record jcr1_0
Hibernate: 
    insert 
    into
        job_count_record
        (category, city, count, created_at, experience_level, fetched_at, location, metric_type, record_date, salary_max, salary_min) 
    values
        (?, ?, ?, ?, ?, ?, ?, ?, ?, ?, ?)
Hibernate: 
    select
        jcr1_0.id,
        jcr1_0.category,
        jcr1_0.city,
        jcr1_0.count,
        jcr1_0.created_at,
        jcr1_0.experience_level,
        jcr1_0.fetched_at,
        jcr1_0.location,
        jcr1_0.metric_type,
        jcr1_0.record_date,
        jcr1_0.salary_max,
        jcr1_0.salary_min 
    from
        job_count_record jcr1_0 
    where
        jcr1_0.category=? 
        and jcr1_0.metric_type=? 
        and jcr1_0.location=? 
        and (
            (
                ? is null 
                and jcr1_0.experience_level is null
            ) 
            or jcr1_0.experience_level=?
        ) 
        and (
            (
                ? is null 
                and jcr1_0.salary_min is null
            ) 
            or jcr1_0.salary_min=?
        ) 
        and (
            (
                ? is null 
                and jcr1_0.salary_max is null
            ) 
            or jcr1_0.salary_max=?
        ) 
    order by
        jcr1_0.fetched_at desc 
    fetch
        first 2 rows only
Hibernate: 
    select
        jcr1_0.id,
        jcr1_0.category,
        jcr1_0.city,
        jcr1_0.count,
        jcr1_0.created_at,
        jcr1_0.experience_level,
        jcr1_0.fetched_at,
        jcr1_0.location,
        jcr1_0.metric_type,
        jcr1_0.record_date,
        jcr1_0.salary_max,
        jcr1_0.salary_min 
    from
        job_count_record jcr1_0
Hibernate: 
    insert 
    into
        job_count_record
        (category, city, count, created_at, experience_level, fetched_at, location, metric_type, record_date, salary_max, salary_min) 
    values
        (?, ?, ?, ?, ?, ?, ?, ?, ?, ?, ?)
Hibernate: 
    insert 
    into
        job_count_record
        (category, city, count, created_at, experience_level, fetched_at, location, metric_type, record_date, salary_max, salary_min) 
    values
        (?, ?, ?, ?, ?, ?, ?, ?, ?, ?, ?)
Hibernate: 
    insert 
    into
        job_count_record
        (category, city, count, created_at, experience_level, fetched_at, location, metric_type, record_date, salary_max, salary_min) 
    values
        (?, ?, ?, ?, ?, ?, ?, ?, ?, ?, ?)
Hibernate: 
    select
        jcr1_0.id,
        jcr1_0.category,
        jcr1_0.city,
        jcr1_0.count,
        jcr1_0.created_at,
        jcr1_0.experience_level,
        jcr1_0.fetched_at,
        jcr1_0.location,
        jcr1_0.metric_type,
        jcr1_0.record_date,
        jcr1_0.salary_max,
        jcr1_0.salary_min 
    from
        job_count_record jcr1_0 
    where
        jcr1_0.category=? 
        and jcr1_0.metric_type=? 
        and jcr1_0.location=? 
        and (
            (
                ? is null 
                and jcr1_0.experience_level is null
            ) 
            or jcr1_0.experience_level=?
        ) 
        and (
            (
                ? is null 
                and jcr1_0.salary_min is null
            ) 
            or jcr1_0.salary_min=?
        ) 
        and (
            (
                ? is null 
                and jcr1_0.salary_max is null
            ) 
            or jcr1_0.salary_max=?
        ) 
    order by
        jcr1_0.fetched_at desc 
    fetch
        first 2 rows only
]]></system-out>
  <system-err><![CDATA[Mockito is currently self-attaching to enable the inline-mock-maker. This will no longer work in future releases of the JDK. Please add Mockito as an agent to your build what is described in Mockito's documentation: https://javadoc.io/doc/org.mockito/mockito-core/latest/org/mockito/Mockito.html#0.3
WARNING: A Java agent has been loaded dynamically (/Users/gajewskij/.gradle/caches/modules-2/files-2.1/net.bytebuddy/byte-buddy-agent/1.15.11/a38b16385e867f59a641330f0362ebe742788ed8/byte-buddy-agent-1.15.11.jar)
WARNING: If a serviceability tool is in use, please run with -XX:+EnableDynamicAgentLoading to hide this warning
WARNING: If a serviceability tool is not in use, please run with -Djdk.instrument.traceUsage for more information
WARNING: Dynamic loading of agents will be disallowed by default in a future release
]]></system-err>
</testsuite>
