<?xml version="1.0" encoding="UTF-8"?>
<testsuite name="JobCountRecordRepository" tests="0" skipped="0" failures="0" errors="0" timestamp="1970-01-01T00:00:00" hostname="Jacek-Gajewskis-Mac.local" time="0.0">
  <properties/>
  <system-out><![CDATA[20:28:06.767 [Test worker] INFO org.springframework.test.context.support.AnnotationConfigContextLoaderUtils -- Could not detect default configuration classes for test class [com.jobmarket.repository.JobCountRecordRepositoryTest]: JobCountRecordRepositoryTest does not declare any static, non-private, non-final, nested classes annotated with @Configuration.
20:28:06.845 [Test worker] INFO org.springframework.boot.test.context.SpringBootTestContextBootstrapper -- Found @SpringBootConfiguration com.jobmarket.JobMarketApplication for test class com.jobmarket.repository.JobCountRecordRepositoryTest
]]></system-out>
  <system-err><![CDATA[]]></system-err>
</testsuite>
