<?xml version="1.0" encoding="UTF-8"?>
<testsuite name="Parameterized Filter Combinations" tests="16" skipped="0" failures="0" errors="0" timestamp="2026-01-23T12:43:04" hostname="Mac" time="0.14">
  <properties/>
  <testcase name="All Levels + Any Salary" classname="com.jobmarket.repository.JobCountRecordRepositoryTest$FindByFilters$ParameterizedFilterCombinations" time="0.013"/>
  <testcase name="All Levels + Under 25k" classname="com.jobmarket.repository.JobCountRecordRepositoryTest$FindByFilters$ParameterizedFilterCombinations" time="0.009"/>
  <testcase name="All Levels + 25-30k" classname="com.jobmarket.repository.JobCountRecordRepositoryTest$FindByFilters$ParameterizedFilterCombinations" time="0.009"/>
  <testcase name="All Levels + Over 30k" classname="com.jobmarket.repository.JobCountRecordRepositoryTest$FindByFilters$ParameterizedFilterCombinations" time="0.008"/>
  <testcase name="Junior + Any Salary" classname="com.jobmarket.repository.JobCountRecordRepositoryTest$FindByFilters$ParameterizedFilterCombinations" time="0.008"/>
  <testcase name="Junior + Under 25k" classname="com.jobmarket.repository.JobCountRecordRepositoryTest$FindByFilters$ParameterizedFilterCombinations" time="0.008"/>
  <testcase name="Junior + 25-30k" classname="com.jobmarket.repository.JobCountRecordRepositoryTest$FindByFilters$ParameterizedFilterCombinations" time="0.007"/>
  <testcase name="Junior + Over 30k" classname="com.jobmarket.repository.JobCountRecordRepositoryTest$FindByFilters$ParameterizedFilterCombinations" time="0.008"/>
  <testcase name="Mid + Any Salary" classname="com.jobmarket.repository.JobCountRecordRepositoryTest$FindByFilters$ParameterizedFilterCombinations" time="0.008"/>
  <testcase name="Mid + Under 25k" classname="com.jobmarket.repository.JobCountRecordRepositoryTest$FindByFilters$ParameterizedFilterCombinations" time="0.009"/>
  <testcase name="Mid + 25-30k" classname="com.jobmarket.repository.JobCountRecordRepositoryTest$FindByFilters$ParameterizedFilterCombinations" time="0.008"/>
  <testcase name="Mid + Over 30k" classname="com.jobmarket.repository.JobCountRecordRepositoryTest$FindByFilters$ParameterizedFilterCombinations" time="0.008"/>
  <testcase name="Senior + Any Salary" classname="com.jobmarket.repository.JobCountRecordRepositoryTest$FindByFilters$ParameterizedFilterCombinations" time="0.006"/>
  <testcase name="Senior + Under 25k" classname="com.jobmarket.repository.JobCountRecordRepositoryTest$FindByFilters$ParameterizedFilterCombinations" time="0.007"/>
  <testcase name="Senior + 25-30k" classname="com.jobmarket.repository.JobCountRecordRepositoryTest$FindByFilters$ParameterizedFilterCombinations" time="0.006"/>
  <testcase name="Senior + Over 30k" classname="com.jobmarket.repository.JobCountRecordRepositoryTest$FindByFilters$ParameterizedFilterCombinations" time="0.006"/>
  <system-out><![CDATA[2026-01-23T13:43:04.169+01:00  INFO 36798 --- [job-market] [    Test worker] t.c.s.AnnotationConfigContextLoaderUtils : Could not detect default configuration classes for test class [com.jobmarket.repository.JobCountRecordRepositoryTest$FindByFilters$ParameterizedFilterCombinations]: ParameterizedFilterCombinations does not declare any static, non-private, non-final, nested classes annotated with @Configuration.
2026-01-23T13:43:04.171+01:00  INFO 36798 --- [job-market] [    Test worker] .b.t.c.SpringBootTestContextBootstrapper : Found @SpringBootConfiguration com.jobmarket.JobMarketApplication for test class com.jobmarket.repository.JobCountRecordRepositoryTest$FindByFilters$ParameterizedFilterCombinations
Hibernate: 
    select
        jcr1_0.id,
        jcr1_0.category,
        jcr1_0.city,
        jcr1_0.count,
        jcr1_0.created_at,
        jcr1_0.experience_level,
        jcr1_0.fetched_at,
        jcr1_0.location,
        jcr1_0.metric_type,
        jcr1_0.record_date,
        jcr1_0.salary_max,
        jcr1_0.salary_min 
    from
        job_count_record jcr1_0
Hibernate: 
    insert 
    into
        job_count_record
        (category, city, count, created_at, experience_level, fetched_at, location, metric_type, record_date, salary_max, salary_min) 
    values
        (?, ?, ?, ?, ?, ?, ?, ?, ?, ?, ?)
Hibernate: 
    insert 
    into
        job_count_record
        (category, city, count, created_at, experience_level, fetched_at, location, metric_type, record_date, salary_max, salary_min) 
    values
        (?, ?, ?, ?, ?, ?, ?, ?, ?, ?, ?)
Hibernate: 
    insert 
    into
        job_count_record
        (category, city, count, created_at, experience_level, fetched_at, location, metric_type, record_date, salary_max, salary_min) 
    values
        (?, ?, ?, ?, ?, ?, ?, ?, ?, ?, ?)
Hibernate: 
    insert 
    into
        job_count_record
        (category, city, count, created_at, experience_level, fetched_at, location, metric_type, record_date, salary_max, salary_min) 
    values
        (?, ?, ?, ?, ?, ?, ?, ?, ?, ?, ?)
Hibernate: 
    insert 
    into
        job_count_record
        (category, city, count, created_at, experience_level, fetched_at, location, metric_type, record_date, salary_max, salary_min) 
    values
        (?, ?, ?, ?, ?, ?, ?, ?, ?, ?, ?)
Hibernate: 
    insert 
    into
        job_count_record
        (category, city, count, created_at, experience_level, fetched_at, location, metric_type, record_date, salary_max, salary_min) 
    values
        (?, ?, ?, ?, ?, ?, ?, ?, ?, ?, ?)
Hibernate: 
    insert 
    into
        job_count_record
        (category, city, count, created_at, experience_level, fetched_at, location, metric_type, record_date, salary_max, salary_min) 
    values
        (?, ?, ?, ?, ?, ?, ?, ?, ?, ?, ?)
Hibernate: 
    insert 
    into
        job_count_record
        (category, city, count, created_at, experience_level, fetched_at, location, metric_type, record_date, salary_max, salary_min) 
    values
        (?, ?, ?, ?, ?, ?, ?, ?, ?, ?, ?)
Hibernate: 
    insert 
    into
        job_count_record
        (category, city, count, created_at, experience_level, fetched_at, location, metric_type, record_date, salary_max, salary_min) 
    values
        (?, ?, ?, ?, ?, ?, ?, ?, ?, ?, ?)
Hibernate: 
    insert 
    into
        job_count_record
        (category, city, count, created_at, experience_level, fetched_at, location, metric_type, record_date, salary_max, salary_min) 
    values
        (?, ?, ?, ?, ?, ?, ?, ?, ?, ?, ?)
Hibernate: 
    insert 
    into
        job_count_record
        (category, city, count, created_at, experience_level, fetched_at, location, metric_type, record_date, salary_max, salary_min) 
    values
        (?, ?, ?, ?, ?, ?, ?, ?, ?, ?, ?)
Hibernate: 
    insert 
    into
        job_count_record
        (category, city, count, created_at, experience_level, fetched_at, location, metric_type, record_date, salary_max, salary_min) 
    values
        (?, ?, ?, ?, ?, ?, ?, ?, ?, ?, ?)
Hibernate: 
    insert 
    into
        job_count_record
        (category, city, count, created_at, experience_level, fetched_at, location, metric_type, record_date, salary_max, salary_min) 
    values
        (?, ?, ?, ?, ?, ?, ?, ?, ?, ?, ?)
Hibernate: 
    insert 
    into
        job_count_record
        (category, city, count, created_at, experience_level, fetched_at, location, metric_type, record_date, salary_max, salary_min) 
    values
        (?, ?, ?, ?, ?, ?, ?, ?, ?, ?, ?)
Hibernate: 
    insert 
    into
        job_count_record
        (category, city, count, created_at, experience_level, fetched_at, location, metric_type, record_date, salary_max, salary_min) 
    values
        (?, ?, ?, ?, ?, ?, ?, ?, ?, ?, ?)
Hibernate: 
    insert 
    into
        job_count_record
        (category, city, count, created_at, experience_level, fetched_at, location, metric_type, record_date, salary_max, salary_min) 
    values
        (?, ?, ?, ?, ?, ?, ?, ?, ?, ?, ?)
Hibernate: 
    select
        jcr1_0.id,
        jcr1_0.category,
        jcr1_0.city,
        jcr1_0.count,
        jcr1_0.created_at,
        jcr1_0.experience_level,
        jcr1_0.fetched_at,
        jcr1_0.location,
        jcr1_0.metric_type,
        jcr1_0.record_date,
        jcr1_0.salary_max,
        jcr1_0.salary_min 
    from
        job_count_record jcr1_0 
    where
        jcr1_0.category=? 
        and jcr1_0.metric_type=? 
        and jcr1_0.location=? 
        and (
            (
                ? is null 
                and jcr1_0.experience_level is null
            ) 
            or jcr1_0.experience_level=?
        ) 
        and (
            (
                ? is null 
                and jcr1_0.salary_min is null
            ) 
            or jcr1_0.salary_min=?
        ) 
        and (
            (
                ? is null 
                and jcr1_0.salary_max is null
            ) 
            or jcr1_0.salary_max=?
        ) 
        and jcr1_0.fetched_at between ? and ? 
    order by
        jcr1_0.fetched_at
Hibernate: 
    select
        jcr1_0.id,
        jcr1_0.category,
        jcr1_0.city,
        jcr1_0.count,
        jcr1_0.created_at,
        jcr1_0.experience_level,
        jcr1_0.fetched_at,
        jcr1_0.location,
        jcr1_0.metric_type,
        jcr1_0.record_date,
        jcr1_0.salary_max,
        jcr1_0.salary_min 
    from
        job_count_record jcr1_0
Hibernate: 
    insert 
    into
        job_count_record
        (category, city, count, created_at, experience_level, fetched_at, location, metric_type, record_date, salary_max, salary_min) 
    values
        (?, ?, ?, ?, ?, ?, ?, ?, ?, ?, ?)
Hibernate: 
    insert 
    into
        job_count_record
        (category, city, count, created_at, experience_level, fetched_at, location, metric_type, record_date, salary_max, salary_min) 
    values
        (?, ?, ?, ?, ?, ?, ?, ?, ?, ?, ?)
Hibernate: 
    insert 
    into
        job_count_record
        (category, city, count, created_at, experience_level, fetched_at, location, metric_type, record_date, salary_max, salary_min) 
    values
        (?, ?, ?, ?, ?, ?, ?, ?, ?, ?, ?)
Hibernate: 
    insert 
    into
        job_count_record
        (category, city, count, created_at, experience_level, fetched_at, location, metric_type, record_date, salary_max, salary_min) 
    values
        (?, ?, ?, ?, ?, ?, ?, ?, ?, ?, ?)
Hibernate: 
    insert 
    into
        job_count_record
        (category, city, count, created_at, experience_level, fetched_at, location, metric_type, record_date, salary_max, salary_min) 
    values
        (?, ?, ?, ?, ?, ?, ?, ?, ?, ?, ?)
Hibernate: 
    insert 
    into
        job_count_record
        (category, city, count, created_at, experience_level, fetched_at, location, metric_type, record_date, salary_max, salary_min) 
    values
        (?, ?, ?, ?, ?, ?, ?, ?, ?, ?, ?)
Hibernate: 
    insert 
    into
        job_count_record
        (category, city, count, created_at, experience_level, fetched_at, location, metric_type, record_date, salary_max, salary_min) 
    values
        (?, ?, ?, ?, ?, ?, ?, ?, ?, ?, ?)
Hibernate: 
    insert 
    into
        job_count_record
        (category, city, count, created_at, experience_level, fetched_at, location, metric_type, record_date, salary_max, salary_min) 
    values
        (?, ?, ?, ?, ?, ?, ?, ?, ?, ?, ?)
Hibernate: 
    insert 
    into
        job_count_record
        (category, city, count, created_at, experience_level, fetched_at, location, metric_type, record_date, salary_max, salary_min) 
    values
        (?, ?, ?, ?, ?, ?, ?, ?, ?, ?, ?)
Hibernate: 
    insert 
    into
        job_count_record
        (category, city, count, created_at, experience_level, fetched_at, location, metric_type, record_date, salary_max, salary_min) 
    values
        (?, ?, ?, ?, ?, ?, ?, ?, ?, ?, ?)
Hibernate: 
    insert 
    into
        job_count_record
        (category, city, count, created_at, experience_level, fetched_at, location, metric_type, record_date, salary_max, salary_min) 
    values
        (?, ?, ?, ?, ?, ?, ?, ?, ?, ?, ?)
Hibernate: 
    insert 
    into
        job_count_record
        (category, city, count, created_at, experience_level, fetched_at, location, metric_type, record_date, salary_max, salary_min) 
    values
        (?, ?, ?, ?, ?, ?, ?, ?, ?, ?, ?)
Hibernate: 
    insert 
    into
        job_count_record
        (category, city, count, created_at, experience_level, fetched_at, location, metric_type, record_date, salary_max, salary_min) 
    values
        (?, ?, ?, ?, ?, ?, ?, ?, ?, ?, ?)
Hibernate: 
    insert 
    into
        job_count_record
        (category, city, count, created_at, experience_level, fetched_at, location, metric_type, record_date, salary_max, salary_min) 
    values
        (?, ?, ?, ?, ?, ?, ?, ?, ?, ?, ?)
Hibernate: 
    insert 
    into
        job_count_record
        (category, city, count, created_at, experience_level, fetched_at, location, metric_type, record_date, salary_max, salary_min) 
    values
        (?, ?, ?, ?, ?, ?, ?, ?, ?, ?, ?)
Hibernate: 
    insert 
    into
        job_count_record
        (category, city, count, created_at, experience_level, fetched_at, location, metric_type, record_date, salary_max, salary_min) 
    values
        (?, ?, ?, ?, ?, ?, ?, ?, ?, ?, ?)
Hibernate: 
    select
        jcr1_0.id,
        jcr1_0.category,
        jcr1_0.city,
        jcr1_0.count,
        jcr1_0.created_at,
        jcr1_0.experience_level,
        jcr1_0.fetched_at,
        jcr1_0.location,
        jcr1_0.metric_type,
        jcr1_0.record_date,
        jcr1_0.salary_max,
        jcr1_0.salary_min 
    from
        job_count_record jcr1_0 
    where
        jcr1_0.category=? 
        and jcr1_0.metric_type=? 
        and jcr1_0.location=? 
        and (
            (
                ? is null 
                and jcr1_0.experience_level is null
            ) 
            or jcr1_0.experience_level=?
        ) 
        and (
            (
                ? is null 
                and jcr1_0.salary_min is null
            ) 
            or jcr1_0.salary_min=?
        ) 
        and (
            (
                ? is null 
                and jcr1_0.salary_max is null
            ) 
            or jcr1_0.salary_max=?
        ) 
        and jcr1_0.fetched_at between ? and ? 
    order by
        jcr1_0.fetched_at
Hibernate: 
    select
        jcr1_0.id,
        jcr1_0.category,
        jcr1_0.city,
        jcr1_0.count,
        jcr1_0.created_at,
        jcr1_0.experience_level,
        jcr1_0.fetched_at,
        jcr1_0.location,
        jcr1_0.metric_type,
        jcr1_0.record_date,
        jcr1_0.salary_max,
        jcr1_0.salary_min 
    from
        job_count_record jcr1_0
Hibernate: 
    insert 
    into
        job_count_record
        (category, city, count, created_at, experience_level, fetched_at, location, metric_type, record_date, salary_max, salary_min) 
    values
        (?, ?, ?, ?, ?, ?, ?, ?, ?, ?, ?)
Hibernate: 
    insert 
    into
        job_count_record
        (category, city, count, created_at, experience_level, fetched_at, location, metric_type, record_date, salary_max, salary_min) 
    values
        (?, ?, ?, ?, ?, ?, ?, ?, ?, ?, ?)
Hibernate: 
    insert 
    into
        job_count_record
        (category, city, count, created_at, experience_level, fetched_at, location, metric_type, record_date, salary_max, salary_min) 
    values
        (?, ?, ?, ?, ?, ?, ?, ?, ?, ?, ?)
Hibernate: 
    insert 
    into
        job_count_record
        (category, city, count, created_at, experience_level, fetched_at, location, metric_type, record_date, salary_max, salary_min) 
    values
        (?, ?, ?, ?, ?, ?, ?, ?, ?, ?, ?)
Hibernate: 
    insert 
    into
        job_count_record
        (category, city, count, created_at, experience_level, fetched_at, location, metric_type, record_date, salary_max, salary_min) 
    values
        (?, ?, ?, ?, ?, ?, ?, ?, ?, ?, ?)
Hibernate: 
    insert 
    into
        job_count_record
        (category, city, count, created_at, experience_level, fetched_at, location, metric_type, record_date, salary_max, salary_min) 
    values
        (?, ?, ?, ?, ?, ?, ?, ?, ?, ?, ?)
Hibernate: 
    insert 
    into
        job_count_record
        (category, city, count, created_at, experience_level, fetched_at, location, metric_type, record_date, salary_max, salary_min) 
    values
        (?, ?, ?, ?, ?, ?, ?, ?, ?, ?, ?)
Hibernate: 
    insert 
    into
        job_count_record
        (category, city, count, created_at, experience_level, fetched_at, location, metric_type, record_date, salary_max, salary_min) 
    values
        (?, ?, ?, ?, ?, ?, ?, ?, ?, ?, ?)
Hibernate: 
    insert 
    into
        job_count_record
        (category, city, count, created_at, experience_level, fetched_at, location, metric_type, record_date, salary_max, salary_min) 
    values
        (?, ?, ?, ?, ?, ?, ?, ?, ?, ?, ?)
Hibernate: 
    insert 
    into
        job_count_record
        (category, city, count, created_at, experience_level, fetched_at, location, metric_type, record_date, salary_max, salary_min) 
    values
        (?, ?, ?, ?, ?, ?, ?, ?, ?, ?, ?)
Hibernate: 
    insert 
    into
        job_count_record
        (category, city, count, created_at, experience_level, fetched_at, location, metric_type, record_date, salary_max, salary_min) 
    values
        (?, ?, ?, ?, ?, ?, ?, ?, ?, ?, ?)
Hibernate: 
    insert 
    into
        job_count_record
        (category, city, count, created_at, experience_level, fetched_at, location, metric_type, record_date, salary_max, salary_min) 
    values
        (?, ?, ?, ?, ?, ?, ?, ?, ?, ?, ?)
Hibernate: 
    insert 
    into
        job_count_record
        (category, city, count, created_at, experience_level, fetched_at, location, metric_type, record_date, salary_max, salary_min) 
    values
        (?, ?, ?, ?, ?, ?, ?, ?, ?, ?, ?)
Hibernate: 
    insert 
    into
        job_count_record
        (category, city, count, created_at, experience_level, fetched_at, location, metric_type, record_date, salary_max, salary_min) 
    values
        (?, ?, ?, ?, ?, ?, ?, ?, ?, ?, ?)
Hibernate: 
    insert 
    into
        job_count_record
        (category, city, count, created_at, experience_level, fetched_at, location, metric_type, record_date, salary_max, salary_min) 
    values
        (?, ?, ?, ?, ?, ?, ?, ?, ?, ?, ?)
Hibernate: 
    insert 
    into
        job_count_record
        (category, city, count, created_at, experience_level, fetched_at, location, metric_type, record_date, salary_max, salary_min) 
    values
        (?, ?, ?, ?, ?, ?, ?, ?, ?, ?, ?)
Hibernate: 
    select
        jcr1_0.id,
        jcr1_0.category,
        jcr1_0.city,
        jcr1_0.count,
        jcr1_0.created_at,
        jcr1_0.experience_level,
        jcr1_0.fetched_at,
        jcr1_0.location,
        jcr1_0.metric_type,
        jcr1_0.record_date,
        jcr1_0.salary_max,
        jcr1_0.salary_min 
    from
        job_count_record jcr1_0 
    where
        jcr1_0.category=? 
        and jcr1_0.metric_type=? 
        and jcr1_0.location=? 
        and (
            (
                ? is null 
                and jcr1_0.experience_level is null
            ) 
            or jcr1_0.experience_level=?
        ) 
        and (
            (
                ? is null 
                and jcr1_0.salary_min is null
            ) 
            or jcr1_0.salary_min=?
        ) 
        and (
            (
                ? is null 
                and jcr1_0.salary_max is null
            ) 
            or jcr1_0.salary_max=?
        ) 
        and jcr1_0.fetched_at between ? and ? 
    order by
        jcr1_0.fetched_at
Hibernate: 
    select
        jcr1_0.id,
        jcr1_0.category,
        jcr1_0.city,
        jcr1_0.count,
        jcr1_0.created_at,
        jcr1_0.experience_level,
        jcr1_0.fetched_at,
        jcr1_0.location,
        jcr1_0.metric_type,
        jcr1_0.record_date,
        jcr1_0.salary_max,
        jcr1_0.salary_min 
    from
        job_count_record jcr1_0
Hibernate: 
    insert 
    into
        job_count_record
        (category, city, count, created_at, experience_level, fetched_at, location, metric_type, record_date, salary_max, salary_min) 
    values
        (?, ?, ?, ?, ?, ?, ?, ?, ?, ?, ?)
Hibernate: 
    insert 
    into
        job_count_record
        (category, city, count, created_at, experience_level, fetched_at, location, metric_type, record_date, salary_max, salary_min) 
    values
        (?, ?, ?, ?, ?, ?, ?, ?, ?, ?, ?)
Hibernate: 
    insert 
    into
        job_count_record
        (category, city, count, created_at, experience_level, fetched_at, location, metric_type, record_date, salary_max, salary_min) 
    values
        (?, ?, ?, ?, ?, ?, ?, ?, ?, ?, ?)
Hibernate: 
    insert 
    into
        job_count_record
        (category, city, count, created_at, experience_level, fetched_at, location, metric_type, record_date, salary_max, salary_min) 
    values
        (?, ?, ?, ?, ?, ?, ?, ?, ?, ?, ?)
Hibernate: 
    insert 
    into
        job_count_record
        (category, city, count, created_at, experience_level, fetched_at, location, metric_type, record_date, salary_max, salary_min) 
    values
        (?, ?, ?, ?, ?, ?, ?, ?, ?, ?, ?)
Hibernate: 
    insert 
    into
        job_count_record
        (category, city, count, created_at, experience_level, fetched_at, location, metric_type, record_date, salary_max, salary_min) 
    values
        (?, ?, ?, ?, ?, ?, ?, ?, ?, ?, ?)
Hibernate: 
    insert 
    into
        job_count_record
        (category, city, count, created_at, experience_level, fetched_at, location, metric_type, record_date, salary_max, salary_min) 
    values
        (?, ?, ?, ?, ?, ?, ?, ?, ?, ?, ?)
Hibernate: 
    insert 
    into
        job_count_record
        (category, city, count, created_at, experience_level, fetched_at, location, metric_type, record_date, salary_max, salary_min) 
    values
        (?, ?, ?, ?, ?, ?, ?, ?, ?, ?, ?)
Hibernate: 
    insert 
    into
        job_count_record
        (category, city, count, created_at, experience_level, fetched_at, location, metric_type, record_date, salary_max, salary_min) 
    values
        (?, ?, ?, ?, ?, ?, ?, ?, ?, ?, ?)
Hibernate: 
    insert 
    into
        job_count_record
        (category, city, count, created_at, experience_level, fetched_at, location, metric_type, record_date, salary_max, salary_min) 
    values
        (?, ?, ?, ?, ?, ?, ?, ?, ?, ?, ?)
Hibernate: 
    insert 
    into
        job_count_record
        (category, city, count, created_at, experience_level, fetched_at, location, metric_type, record_date, salary_max, salary_min) 
    values
        (?, ?, ?, ?, ?, ?, ?, ?, ?, ?, ?)
Hibernate: 
    insert 
    into
        job_count_record
        (category, city, count, created_at, experience_level, fetched_at, location, metric_type, record_date, salary_max, salary_min) 
    values
        (?, ?, ?, ?, ?, ?, ?, ?, ?, ?, ?)
Hibernate: 
    insert 
    into
        job_count_record
        (category, city, count, created_at, experience_level, fetched_at, location, metric_type, record_date, salary_max, salary_min) 
    values
        (?, ?, ?, ?, ?, ?, ?, ?, ?, ?, ?)
Hibernate: 
    insert 
    into
        job_count_record
        (category, city, count, created_at, experience_level, fetched_at, location, metric_type, record_date, salary_max, salary_min) 
    values
        (?, ?, ?, ?, ?, ?, ?, ?, ?, ?, ?)
Hibernate: 
    insert 
    into
        job_count_record
        (category, city, count, created_at, experience_level, fetched_at, location, metric_type, record_date, salary_max, salary_min) 
    values
        (?, ?, ?, ?, ?, ?, ?, ?, ?, ?, ?)
Hibernate: 
    insert 
    into
        job_count_record
        (category, city, count, created_at, experience_level, fetched_at, location, metric_type, record_date, salary_max, salary_min) 
    values
        (?, ?, ?, ?, ?, ?, ?, ?, ?, ?, ?)
Hibernate: 
    select
        jcr1_0.id,
        jcr1_0.category,
        jcr1_0.city,
        jcr1_0.count,
        jcr1_0.created_at,
        jcr1_0.experience_level,
        jcr1_0.fetched_at,
        jcr1_0.location,
        jcr1_0.metric_type,
        jcr1_0.record_date,
        jcr1_0.salary_max,
        jcr1_0.salary_min 
    from
        job_count_record jcr1_0 
    where
        jcr1_0.category=? 
        and jcr1_0.metric_type=? 
        and jcr1_0.location=? 
        and (
            (
                ? is null 
                and jcr1_0.experience_level is null
            ) 
            or jcr1_0.experience_level=?
        ) 
        and (
            (
                ? is null 
                and jcr1_0.salary_min is null
            ) 
            or jcr1_0.salary_min=?
        ) 
        and (
            (
                ? is null 
                and jcr1_0.salary_max is null
            ) 
            or jcr1_0.salary_max=?
        ) 
        and jcr1_0.fetched_at between ? and ? 
    order by
        jcr1_0.fetched_at
Hibernate: 
    select
        jcr1_0.id,
        jcr1_0.category,
        jcr1_0.city,
        jcr1_0.count,
        jcr1_0.created_at,
        jcr1_0.experience_level,
        jcr1_0.fetched_at,
        jcr1_0.location,
        jcr1_0.metric_type,
        jcr1_0.record_date,
        jcr1_0.salary_max,
        jcr1_0.salary_min 
    from
        job_count_record jcr1_0
Hibernate: 
    insert 
    into
        job_count_record
        (category, city, count, created_at, experience_level, fetched_at, location, metric_type, record_date, salary_max, salary_min) 
    values
        (?, ?, ?, ?, ?, ?, ?, ?, ?, ?, ?)
Hibernate: 
    insert 
    into
        job_count_record
        (category, city, count, created_at, experience_level, fetched_at, location, metric_type, record_date, salary_max, salary_min) 
    values
        (?, ?, ?, ?, ?, ?, ?, ?, ?, ?, ?)
Hibernate: 
    insert 
    into
        job_count_record
        (category, city, count, created_at, experience_level, fetched_at, location, metric_type, record_date, salary_max, salary_min) 
    values
        (?, ?, ?, ?, ?, ?, ?, ?, ?, ?, ?)
Hibernate: 
    insert 
    into
        job_count_record
        (category, city, count, created_at, experience_level, fetched_at, location, metric_type, record_date, salary_max, salary_min) 
    values
        (?, ?, ?, ?, ?, ?, ?, ?, ?, ?, ?)
Hibernate: 
    insert 
    into
        job_count_record
        (category, city, count, created_at, experience_level, fetched_at, location, metric_type, record_date, salary_max, salary_min) 
    values
        (?, ?, ?, ?, ?, ?, ?, ?, ?, ?, ?)
Hibernate: 
    insert 
    into
        job_count_record
        (category, city, count, created_at, experience_level, fetched_at, location, metric_type, record_date, salary_max, salary_min) 
    values
        (?, ?, ?, ?, ?, ?, ?, ?, ?, ?, ?)
Hibernate: 
    insert 
    into
        job_count_record
        (category, city, count, created_at, experience_level, fetched_at, location, metric_type, record_date, salary_max, salary_min) 
    values
        (?, ?, ?, ?, ?, ?, ?, ?, ?, ?, ?)
Hibernate: 
    insert 
    into
        job_count_record
        (category, city, count, created_at, experience_level, fetched_at, location, metric_type, record_date, salary_max, salary_min) 
    values
        (?, ?, ?, ?, ?, ?, ?, ?, ?, ?, ?)
Hibernate: 
    insert 
    into
        job_count_record
        (category, city, count, created_at, experience_level, fetched_at, location, metric_type, record_date, salary_max, salary_min) 
    values
        (?, ?, ?, ?, ?, ?, ?, ?, ?, ?, ?)
Hibernate: 
    insert 
    into
        job_count_record
        (category, city, count, created_at, experience_level, fetched_at, location, metric_type, record_date, salary_max, salary_min) 
    values
        (?, ?, ?, ?, ?, ?, ?, ?, ?, ?, ?)
Hibernate: 
    insert 
    into
        job_count_record
        (category, city, count, created_at, experience_level, fetched_at, location, metric_type, record_date, salary_max, salary_min) 
    values
        (?, ?, ?, ?, ?, ?, ?, ?, ?, ?, ?)
Hibernate: 
    insert 
    into
        job_count_record
        (category, city, count, created_at, experience_level, fetched_at, location, metric_type, record_date, salary_max, salary_min) 
    values
        (?, ?, ?, ?, ?, ?, ?, ?, ?, ?, ?)
Hibernate: 
    insert 
    into
        job_count_record
        (category, city, count, created_at, experience_level, fetched_at, location, metric_type, record_date, salary_max, salary_min) 
    values
        (?, ?, ?, ?, ?, ?, ?, ?, ?, ?, ?)
Hibernate: 
    insert 
    into
        job_count_record
        (category, city, count, created_at, experience_level, fetched_at, location, metric_type, record_date, salary_max, salary_min) 
    values
        (?, ?, ?, ?, ?, ?, ?, ?, ?, ?, ?)
Hibernate: 
    insert 
    into
        job_count_record
        (category, city, count, created_at, experience_level, fetched_at, location, metric_type, record_date, salary_max, salary_min) 
    values
        (?, ?, ?, ?, ?, ?, ?, ?, ?, ?, ?)
Hibernate: 
    insert 
    into
        job_count_record
        (category, city, count, created_at, experience_level, fetched_at, location, metric_type, record_date, salary_max, salary_min) 
    values
        (?, ?, ?, ?, ?, ?, ?, ?, ?, ?, ?)
Hibernate: 
    select
        jcr1_0.id,
        jcr1_0.category,
        jcr1_0.city,
        jcr1_0.count,
        jcr1_0.created_at,
        jcr1_0.experience_level,
        jcr1_0.fetched_at,
        jcr1_0.location,
        jcr1_0.metric_type,
        jcr1_0.record_date,
        jcr1_0.salary_max,
        jcr1_0.salary_min 
    from
        job_count_record jcr1_0 
    where
        jcr1_0.category=? 
        and jcr1_0.metric_type=? 
        and jcr1_0.location=? 
        and (
            (
                ? is null 
                and jcr1_0.experience_level is null
            ) 
            or jcr1_0.experience_level=?
        ) 
        and (
            (
                ? is null 
                and jcr1_0.salary_min is null
            ) 
            or jcr1_0.salary_min=?
        ) 
        and (
            (
                ? is null 
                and jcr1_0.salary_max is null
            ) 
            or jcr1_0.salary_max=?
        ) 
        and jcr1_0.fetched_at between ? and ? 
    order by
        jcr1_0.fetched_at
Hibernate: 
    select
        jcr1_0.id,
        jcr1_0.category,
        jcr1_0.city,
        jcr1_0.count,
        jcr1_0.created_at,
        jcr1_0.experience_level,
        jcr1_0.fetched_at,
        jcr1_0.location,
        jcr1_0.metric_type,
        jcr1_0.record_date,
        jcr1_0.salary_max,
        jcr1_0.salary_min 
    from
        job_count_record jcr1_0
Hibernate: 
    insert 
    into
        job_count_record
        (category, city, count, created_at, experience_level, fetched_at, location, metric_type, record_date, salary_max, salary_min) 
    values
        (?, ?, ?, ?, ?, ?, ?, ?, ?, ?, ?)
Hibernate: 
    insert 
    into
        job_count_record
        (category, city, count, created_at, experience_level, fetched_at, location, metric_type, record_date, salary_max, salary_min) 
    values
        (?, ?, ?, ?, ?, ?, ?, ?, ?, ?, ?)
Hibernate: 
    insert 
    into
        job_count_record
        (category, city, count, created_at, experience_level, fetched_at, location, metric_type, record_date, salary_max, salary_min) 
    values
        (?, ?, ?, ?, ?, ?, ?, ?, ?, ?, ?)
Hibernate: 
    insert 
    into
        job_count_record
        (category, city, count, created_at, experience_level, fetched_at, location, metric_type, record_date, salary_max, salary_min) 
    values
        (?, ?, ?, ?, ?, ?, ?, ?, ?, ?, ?)
Hibernate: 
    insert 
    into
        job_count_record
        (category, city, count, created_at, experience_level, fetched_at, location, metric_type, record_date, salary_max, salary_min) 
    values
        (?, ?, ?, ?, ?, ?, ?, ?, ?, ?, ?)
Hibernate: 
    insert 
    into
        job_count_record
        (category, city, count, created_at, experience_level, fetched_at, location, metric_type, record_date, salary_max, salary_min) 
    values
        (?, ?, ?, ?, ?, ?, ?, ?, ?, ?, ?)
Hibernate: 
    insert 
    into
        job_count_record
        (category, city, count, created_at, experience_level, fetched_at, location, metric_type, record_date, salary_max, salary_min) 
    values
        (?, ?, ?, ?, ?, ?, ?, ?, ?, ?, ?)
Hibernate: 
    insert 
    into
        job_count_record
        (category, city, count, created_at, experience_level, fetched_at, location, metric_type, record_date, salary_max, salary_min) 
    values
        (?, ?, ?, ?, ?, ?, ?, ?, ?, ?, ?)
Hibernate: 
    insert 
    into
        job_count_record
        (category, city, count, created_at, experience_level, fetched_at, location, metric_type, record_date, salary_max, salary_min) 
    values
        (?, ?, ?, ?, ?, ?, ?, ?, ?, ?, ?)
Hibernate: 
    insert 
    into
        job_count_record
        (category, city, count, created_at, experience_level, fetched_at, location, metric_type, record_date, salary_max, salary_min) 
    values
        (?, ?, ?, ?, ?, ?, ?, ?, ?, ?, ?)
Hibernate: 
    insert 
    into
        job_count_record
        (category, city, count, created_at, experience_level, fetched_at, location, metric_type, record_date, salary_max, salary_min) 
    values
        (?, ?, ?, ?, ?, ?, ?, ?, ?, ?, ?)
Hibernate: 
    insert 
    into
        job_count_record
        (category, city, count, created_at, experience_level, fetched_at, location, metric_type, record_date, salary_max, salary_min) 
    values
        (?, ?, ?, ?, ?, ?, ?, ?, ?, ?, ?)
Hibernate: 
    insert 
    into
        job_count_record
        (category, city, count, created_at, experience_level, fetched_at, location, metric_type, record_date, salary_max, salary_min) 
    values
        (?, ?, ?, ?, ?, ?, ?, ?, ?, ?, ?)
Hibernate: 
    insert 
    into
        job_count_record
        (category, city, count, created_at, experience_level, fetched_at, location, metric_type, record_date, salary_max, salary_min) 
    values
        (?, ?, ?, ?, ?, ?, ?, ?, ?, ?, ?)
Hibernate: 
    insert 
    into
        job_count_record
        (category, city, count, created_at, experience_level, fetched_at, location, metric_type, record_date, salary_max, salary_min) 
    values
        (?, ?, ?, ?, ?, ?, ?, ?, ?, ?, ?)
Hibernate: 
    insert 
    into
        job_count_record
        (category, city, count, created_at, experience_level, fetched_at, location, metric_type, record_date, salary_max, salary_min) 
    values
        (?, ?, ?, ?, ?, ?, ?, ?, ?, ?, ?)
Hibernate: 
    select
        jcr1_0.id,
        jcr1_0.category,
        jcr1_0.city,
        jcr1_0.count,
        jcr1_0.created_at,
        jcr1_0.experience_level,
        jcr1_0.fetched_at,
        jcr1_0.location,
        jcr1_0.metric_type,
        jcr1_0.record_date,
        jcr1_0.salary_max,
        jcr1_0.salary_min 
    from
        job_count_record jcr1_0 
    where
        jcr1_0.category=? 
        and jcr1_0.metric_type=? 
        and jcr1_0.location=? 
        and (
            (
                ? is null 
                and jcr1_0.experience_level is null
            ) 
            or jcr1_0.experience_level=?
        ) 
        and (
            (
                ? is null 
                and jcr1_0.salary_min is null
            ) 
            or jcr1_0.salary_min=?
        ) 
        and (
            (
                ? is null 
                and jcr1_0.salary_max is null
            ) 
            or jcr1_0.salary_max=?
        ) 
        and jcr1_0.fetched_at between ? and ? 
    order by
        jcr1_0.fetched_at
Hibernate: 
    select
        jcr1_0.id,
        jcr1_0.category,
        jcr1_0.city,
        jcr1_0.count,
        jcr1_0.created_at,
        jcr1_0.experience_level,
        jcr1_0.fetched_at,
        jcr1_0.location,
        jcr1_0.metric_type,
        jcr1_0.record_date,
        jcr1_0.salary_max,
        jcr1_0.salary_min 
    from
        job_count_record jcr1_0
Hibernate: 
    insert 
    into
        job_count_record
        (category, city, count, created_at, experience_level, fetched_at, location, metric_type, record_date, salary_max, salary_min) 
    values
        (?, ?, ?, ?, ?, ?, ?, ?, ?, ?, ?)
Hibernate: 
    insert 
    into
        job_count_record
        (category, city, count, created_at, experience_level, fetched_at, location, metric_type, record_date, salary_max, salary_min) 
    values
        (?, ?, ?, ?, ?, ?, ?, ?, ?, ?, ?)
Hibernate: 
    insert 
    into
        job_count_record
        (category, city, count, created_at, experience_level, fetched_at, location, metric_type, record_date, salary_max, salary_min) 
    values
        (?, ?, ?, ?, ?, ?, ?, ?, ?, ?, ?)
Hibernate: 
    insert 
    into
        job_count_record
        (category, city, count, created_at, experience_level, fetched_at, location, metric_type, record_date, salary_max, salary_min) 
    values
        (?, ?, ?, ?, ?, ?, ?, ?, ?, ?, ?)
Hibernate: 
    insert 
    into
        job_count_record
        (category, city, count, created_at, experience_level, fetched_at, location, metric_type, record_date, salary_max, salary_min) 
    values
        (?, ?, ?, ?, ?, ?, ?, ?, ?, ?, ?)
Hibernate: 
    insert 
    into
        job_count_record
        (category, city, count, created_at, experience_level, fetched_at, location, metric_type, record_date, salary_max, salary_min) 
    values
        (?, ?, ?, ?, ?, ?, ?, ?, ?, ?, ?)
Hibernate: 
    insert 
    into
        job_count_record
        (category, city, count, created_at, experience_level, fetched_at, location, metric_type, record_date, salary_max, salary_min) 
    values
        (?, ?, ?, ?, ?, ?, ?, ?, ?, ?, ?)
Hibernate: 
    insert 
    into
        job_count_record
        (category, city, count, created_at, experience_level, fetched_at, location, metric_type, record_date, salary_max, salary_min) 
    values
        (?, ?, ?, ?, ?, ?, ?, ?, ?, ?, ?)
Hibernate: 
    insert 
    into
        job_count_record
        (category, city, count, created_at, experience_level, fetched_at, location, metric_type, record_date, salary_max, salary_min) 
    values
        (?, ?, ?, ?, ?, ?, ?, ?, ?, ?, ?)
Hibernate: 
    insert 
    into
        job_count_record
        (category, city, count, created_at, experience_level, fetched_at, location, metric_type, record_date, salary_max, salary_min) 
    values
        (?, ?, ?, ?, ?, ?, ?, ?, ?, ?, ?)
Hibernate: 
    insert 
    into
        job_count_record
        (category, city, count, created_at, experience_level, fetched_at, location, metric_type, record_date, salary_max, salary_min) 
    values
        (?, ?, ?, ?, ?, ?, ?, ?, ?, ?, ?)
Hibernate: 
    insert 
    into
        job_count_record
        (category, city, count, created_at, experience_level, fetched_at, location, metric_type, record_date, salary_max, salary_min) 
    values
        (?, ?, ?, ?, ?, ?, ?, ?, ?, ?, ?)
Hibernate: 
    insert 
    into
        job_count_record
        (category, city, count, created_at, experience_level, fetched_at, location, metric_type, record_date, salary_max, salary_min) 
    values
        (?, ?, ?, ?, ?, ?, ?, ?, ?, ?, ?)
Hibernate: 
    insert 
    into
        job_count_record
        (category, city, count, created_at, experience_level, fetched_at, location, metric_type, record_date, salary_max, salary_min) 
    values
        (?, ?, ?, ?, ?, ?, ?, ?, ?, ?, ?)
Hibernate: 
    insert 
    into
        job_count_record
        (category, city, count, created_at, experience_level, fetched_at, location, metric_type, record_date, salary_max, salary_min) 
    values
        (?, ?, ?, ?, ?, ?, ?, ?, ?, ?, ?)
Hibernate: 
    insert 
    into
        job_count_record
        (category, city, count, created_at, experience_level, fetched_at, location, metric_type, record_date, salary_max, salary_min) 
    values
        (?, ?, ?, ?, ?, ?, ?, ?, ?, ?, ?)
Hibernate: 
    select
        jcr1_0.id,
        jcr1_0.category,
        jcr1_0.city,
        jcr1_0.count,
        jcr1_0.created_at,
        jcr1_0.experience_level,
        jcr1_0.fetched_at,
        jcr1_0.location,
        jcr1_0.metric_type,
        jcr1_0.record_date,
        jcr1_0.salary_max,
        jcr1_0.salary_min 
    from
        job_count_record jcr1_0 
    where
        jcr1_0.category=? 
        and jcr1_0.metric_type=? 
        and jcr1_0.location=? 
        and (
            (
                ? is null 
                and jcr1_0.experience_level is null
            ) 
            or jcr1_0.experience_level=?
        ) 
        and (
            (
                ? is null 
                and jcr1_0.salary_min is null
            ) 
            or jcr1_0.salary_min=?
        ) 
        and (
            (
                ? is null 
                and jcr1_0.salary_max is null
            ) 
            or jcr1_0.salary_max=?
        ) 
        and jcr1_0.fetched_at between ? and ? 
    order by
        jcr1_0.fetched_at
Hibernate: 
    select
        jcr1_0.id,
        jcr1_0.category,
        jcr1_0.city,
        jcr1_0.count,
        jcr1_0.created_at,
        jcr1_0.experience_level,
        jcr1_0.fetched_at,
        jcr1_0.location,
        jcr1_0.metric_type,
        jcr1_0.record_date,
        jcr1_0.salary_max,
        jcr1_0.salary_min 
    from
        job_count_record jcr1_0
Hibernate: 
    insert 
    into
        job_count_record
        (category, city, count, created_at, experience_level, fetched_at, location, metric_type, record_date, salary_max, salary_min) 
    values
        (?, ?, ?, ?, ?, ?, ?, ?, ?, ?, ?)
Hibernate: 
    insert 
    into
        job_count_record
        (category, city, count, created_at, experience_level, fetched_at, location, metric_type, record_date, salary_max, salary_min) 
    values
        (?, ?, ?, ?, ?, ?, ?, ?, ?, ?, ?)
Hibernate: 
    insert 
    into
        job_count_record
        (category, city, count, created_at, experience_level, fetched_at, location, metric_type, record_date, salary_max, salary_min) 
    values
        (?, ?, ?, ?, ?, ?, ?, ?, ?, ?, ?)
Hibernate: 
    insert 
    into
        job_count_record
        (category, city, count, created_at, experience_level, fetched_at, location, metric_type, record_date, salary_max, salary_min) 
    values
        (?, ?, ?, ?, ?, ?, ?, ?, ?, ?, ?)
Hibernate: 
    insert 
    into
        job_count_record
        (category, city, count, created_at, experience_level, fetched_at, location, metric_type, record_date, salary_max, salary_min) 
    values
        (?, ?, ?, ?, ?, ?, ?, ?, ?, ?, ?)
Hibernate: 
    insert 
    into
        job_count_record
        (category, city, count, created_at, experience_level, fetched_at, location, metric_type, record_date, salary_max, salary_min) 
    values
        (?, ?, ?, ?, ?, ?, ?, ?, ?, ?, ?)
Hibernate: 
    insert 
    into
        job_count_record
        (category, city, count, created_at, experience_level, fetched_at, location, metric_type, record_date, salary_max, salary_min) 
    values
        (?, ?, ?, ?, ?, ?, ?, ?, ?, ?, ?)
Hibernate: 
    insert 
    into
        job_count_record
        (category, city, count, created_at, experience_level, fetched_at, location, metric_type, record_date, salary_max, salary_min) 
    values
        (?, ?, ?, ?, ?, ?, ?, ?, ?, ?, ?)
Hibernate: 
    insert 
    into
        job_count_record
        (category, city, count, created_at, experience_level, fetched_at, location, metric_type, record_date, salary_max, salary_min) 
    values
        (?, ?, ?, ?, ?, ?, ?, ?, ?, ?, ?)
Hibernate: 
    insert 
    into
        job_count_record
        (category, city, count, created_at, experience_level, fetched_at, location, metric_type, record_date, salary_max, salary_min) 
    values
        (?, ?, ?, ?, ?, ?, ?, ?, ?, ?, ?)
Hibernate: 
    insert 
    into
        job_count_record
        (category, city, count, created_at, experience_level, fetched_at, location, metric_type, record_date, salary_max, salary_min) 
    values
        (?, ?, ?, ?, ?, ?, ?, ?, ?, ?, ?)
Hibernate: 
    insert 
    into
        job_count_record
        (category, city, count, created_at, experience_level, fetched_at, location, metric_type, record_date, salary_max, salary_min) 
    values
        (?, ?, ?, ?, ?, ?, ?, ?, ?, ?, ?)
Hibernate: 
    insert 
    into
        job_count_record
        (category, city, count, created_at, experience_level, fetched_at, location, metric_type, record_date, salary_max, salary_min) 
    values
        (?, ?, ?, ?, ?, ?, ?, ?, ?, ?, ?)
Hibernate: 
    insert 
    into
        job_count_record
        (category, city, count, created_at, experience_level, fetched_at, location, metric_type, record_date, salary_max, salary_min) 
    values
        (?, ?, ?, ?, ?, ?, ?, ?, ?, ?, ?)
Hibernate: 
    insert 
    into
        job_count_record
        (category, city, count, created_at, experience_level, fetched_at, location, metric_type, record_date, salary_max, salary_min) 
    values
        (?, ?, ?, ?, ?, ?, ?, ?, ?, ?, ?)
Hibernate: 
    insert 
    into
        job_count_record
        (category, city, count, created_at, experience_level, fetched_at, location, metric_type, record_date, salary_max, salary_min) 
    values
        (?, ?, ?, ?, ?, ?, ?, ?, ?, ?, ?)
Hibernate: 
    select
        jcr1_0.id,
        jcr1_0.category,
        jcr1_0.city,
        jcr1_0.count,
        jcr1_0.created_at,
        jcr1_0.experience_level,
        jcr1_0.fetched_at,
        jcr1_0.location,
        jcr1_0.metric_type,
        jcr1_0.record_date,
        jcr1_0.salary_max,
        jcr1_0.salary_min 
    from
        job_count_record jcr1_0 
    where
        jcr1_0.category=? 
        and jcr1_0.metric_type=? 
        and jcr1_0.location=? 
        and (
            (
                ? is null 
                and jcr1_0.experience_level is null
            ) 
            or jcr1_0.experience_level=?
        ) 
        and (
            (
                ? is null 
                and jcr1_0.salary_min is null
            ) 
            or jcr1_0.salary_min=?
        ) 
        and (
            (
                ? is null 
                and jcr1_0.salary_max is null
            ) 
            or jcr1_0.salary_max=?
        ) 
        and jcr1_0.fetched_at between ? and ? 
    order by
        jcr1_0.fetched_at
Hibernate: 
    select
        jcr1_0.id,
        jcr1_0.category,
        jcr1_0.city,
        jcr1_0.count,
        jcr1_0.created_at,
        jcr1_0.experience_level,
        jcr1_0.fetched_at,
        jcr1_0.location,
        jcr1_0.metric_type,
        jcr1_0.record_date,
        jcr1_0.salary_max,
        jcr1_0.salary_min 
    from
        job_count_record jcr1_0
Hibernate: 
    insert 
    into
        job_count_record
        (category, city, count, created_at, experience_level, fetched_at, location, metric_type, record_date, salary_max, salary_min) 
    values
        (?, ?, ?, ?, ?, ?, ?, ?, ?, ?, ?)
Hibernate: 
    insert 
    into
        job_count_record
        (category, city, count, created_at, experience_level, fetched_at, location, metric_type, record_date, salary_max, salary_min) 
    values
        (?, ?, ?, ?, ?, ?, ?, ?, ?, ?, ?)
Hibernate: 
    insert 
    into
        job_count_record
        (category, city, count, created_at, experience_level, fetched_at, location, metric_type, record_date, salary_max, salary_min) 
    values
        (?, ?, ?, ?, ?, ?, ?, ?, ?, ?, ?)
Hibernate: 
    insert 
    into
        job_count_record
        (category, city, count, created_at, experience_level, fetched_at, location, metric_type, record_date, salary_max, salary_min) 
    values
        (?, ?, ?, ?, ?, ?, ?, ?, ?, ?, ?)
Hibernate: 
    insert 
    into
        job_count_record
        (category, city, count, created_at, experience_level, fetched_at, location, metric_type, record_date, salary_max, salary_min) 
    values
        (?, ?, ?, ?, ?, ?, ?, ?, ?, ?, ?)
Hibernate: 
    insert 
    into
        job_count_record
        (category, city, count, created_at, experience_level, fetched_at, location, metric_type, record_date, salary_max, salary_min) 
    values
        (?, ?, ?, ?, ?, ?, ?, ?, ?, ?, ?)
Hibernate: 
    insert 
    into
        job_count_record
        (category, city, count, created_at, experience_level, fetched_at, location, metric_type, record_date, salary_max, salary_min) 
    values
        (?, ?, ?, ?, ?, ?, ?, ?, ?, ?, ?)
Hibernate: 
    insert 
    into
        job_count_record
        (category, city, count, created_at, experience_level, fetched_at, location, metric_type, record_date, salary_max, salary_min) 
    values
        (?, ?, ?, ?, ?, ?, ?, ?, ?, ?, ?)
Hibernate: 
    insert 
    into
        job_count_record
        (category, city, count, created_at, experience_level, fetched_at, location, metric_type, record_date, salary_max, salary_min) 
    values
        (?, ?, ?, ?, ?, ?, ?, ?, ?, ?, ?)
Hibernate: 
    insert 
    into
        job_count_record
        (category, city, count, created_at, experience_level, fetched_at, location, metric_type, record_date, salary_max, salary_min) 
    values
        (?, ?, ?, ?, ?, ?, ?, ?, ?, ?, ?)
Hibernate: 
    insert 
    into
        job_count_record
        (category, city, count, created_at, experience_level, fetched_at, location, metric_type, record_date, salary_max, salary_min) 
    values
        (?, ?, ?, ?, ?, ?, ?, ?, ?, ?, ?)
Hibernate: 
    insert 
    into
        job_count_record
        (category, city, count, created_at, experience_level, fetched_at, location, metric_type, record_date, salary_max, salary_min) 
    values
        (?, ?, ?, ?, ?, ?, ?, ?, ?, ?, ?)
Hibernate: 
    insert 
    into
        job_count_record
        (category, city, count, created_at, experience_level, fetched_at, location, metric_type, record_date, salary_max, salary_min) 
    values
        (?, ?, ?, ?, ?, ?, ?, ?, ?, ?, ?)
Hibernate: 
    insert 
    into
        job_count_record
        (category, city, count, created_at, experience_level, fetched_at, location, metric_type, record_date, salary_max, salary_min) 
    values
        (?, ?, ?, ?, ?, ?, ?, ?, ?, ?, ?)
Hibernate: 
    insert 
    into
        job_count_record
        (category, city, count, created_at, experience_level, fetched_at, location, metric_type, record_date, salary_max, salary_min) 
    values
        (?, ?, ?, ?, ?, ?, ?, ?, ?, ?, ?)
Hibernate: 
    insert 
    into
        job_count_record
        (category, city, count, created_at, experience_level, fetched_at, location, metric_type, record_date, salary_max, salary_min) 
    values
        (?, ?, ?, ?, ?, ?, ?, ?, ?, ?, ?)
Hibernate: 
    select
        jcr1_0.id,
        jcr1_0.category,
        jcr1_0.city,
        jcr1_0.count,
        jcr1_0.created_at,
        jcr1_0.experience_level,
        jcr1_0.fetched_at,
        jcr1_0.location,
        jcr1_0.metric_type,
        jcr1_0.record_date,
        jcr1_0.salary_max,
        jcr1_0.salary_min 
    from
        job_count_record jcr1_0 
    where
        jcr1_0.category=? 
        and jcr1_0.metric_type=? 
        and jcr1_0.location=? 
        and (
            (
                ? is null 
                and jcr1_0.experience_level is null
            ) 
            or jcr1_0.experience_level=?
        ) 
        and (
            (
                ? is null 
                and jcr1_0.salary_min is null
            ) 
            or jcr1_0.salary_min=?
        ) 
        and (
            (
                ? is null 
                and jcr1_0.salary_max is null
            ) 
            or jcr1_0.salary_max=?
        ) 
        and jcr1_0.fetched_at between ? and ? 
    order by
        jcr1_0.fetched_at
Hibernate: 
    select
        jcr1_0.id,
        jcr1_0.category,
        jcr1_0.city,
        jcr1_0.count,
        jcr1_0.created_at,
        jcr1_0.experience_level,
        jcr1_0.fetched_at,
        jcr1_0.location,
        jcr1_0.metric_type,
        jcr1_0.record_date,
        jcr1_0.salary_max,
        jcr1_0.salary_min 
    from
        job_count_record jcr1_0
Hibernate: 
    insert 
    into
        job_count_record
        (category, city, count, created_at, experience_level, fetched_at, location, metric_type, record_date, salary_max, salary_min) 
    values
        (?, ?, ?, ?, ?, ?, ?, ?, ?, ?, ?)
Hibernate: 
    insert 
    into
        job_count_record
        (category, city, count, created_at, experience_level, fetched_at, location, metric_type, record_date, salary_max, salary_min) 
    values
        (?, ?, ?, ?, ?, ?, ?, ?, ?, ?, ?)
Hibernate: 
    insert 
    into
        job_count_record
        (category, city, count, created_at, experience_level, fetched_at, location, metric_type, record_date, salary_max, salary_min) 
    values
        (?, ?, ?, ?, ?, ?, ?, ?, ?, ?, ?)
Hibernate: 
    insert 
    into
        job_count_record
        (category, city, count, created_at, experience_level, fetched_at, location, metric_type, record_date, salary_max, salary_min) 
    values
        (?, ?, ?, ?, ?, ?, ?, ?, ?, ?, ?)
Hibernate: 
    insert 
    into
        job_count_record
        (category, city, count, created_at, experience_level, fetched_at, location, metric_type, record_date, salary_max, salary_min) 
    values
        (?, ?, ?, ?, ?, ?, ?, ?, ?, ?, ?)
Hibernate: 
    insert 
    into
        job_count_record
        (category, city, count, created_at, experience_level, fetched_at, location, metric_type, record_date, salary_max, salary_min) 
    values
        (?, ?, ?, ?, ?, ?, ?, ?, ?, ?, ?)
Hibernate: 
    insert 
    into
        job_count_record
        (category, city, count, created_at, experience_level, fetched_at, location, metric_type, record_date, salary_max, salary_min) 
    values
        (?, ?, ?, ?, ?, ?, ?, ?, ?, ?, ?)
Hibernate: 
    insert 
    into
        job_count_record
        (category, city, count, created_at, experience_level, fetched_at, location, metric_type, record_date, salary_max, salary_min) 
    values
        (?, ?, ?, ?, ?, ?, ?, ?, ?, ?, ?)
Hibernate: 
    insert 
    into
        job_count_record
        (category, city, count, created_at, experience_level, fetched_at, location, metric_type, record_date, salary_max, salary_min) 
    values
        (?, ?, ?, ?, ?, ?, ?, ?, ?, ?, ?)
Hibernate: 
    insert 
    into
        job_count_record
        (category, city, count, created_at, experience_level, fetched_at, location, metric_type, record_date, salary_max, salary_min) 
    values
        (?, ?, ?, ?, ?, ?, ?, ?, ?, ?, ?)
Hibernate: 
    insert 
    into
        job_count_record
        (category, city, count, created_at, experience_level, fetched_at, location, metric_type, record_date, salary_max, salary_min) 
    values
        (?, ?, ?, ?, ?, ?, ?, ?, ?, ?, ?)
Hibernate: 
    insert 
    into
        job_count_record
        (category, city, count, created_at, experience_level, fetched_at, location, metric_type, record_date, salary_max, salary_min) 
    values
        (?, ?, ?, ?, ?, ?, ?, ?, ?, ?, ?)
Hibernate: 
    insert 
    into
        job_count_record
        (category, city, count, created_at, experience_level, fetched_at, location, metric_type, record_date, salary_max, salary_min) 
    values
        (?, ?, ?, ?, ?, ?, ?, ?, ?, ?, ?)
Hibernate: 
    insert 
    into
        job_count_record
        (category, city, count, created_at, experience_level, fetched_at, location, metric_type, record_date, salary_max, salary_min) 
    values
        (?, ?, ?, ?, ?, ?, ?, ?, ?, ?, ?)
Hibernate: 
    insert 
    into
        job_count_record
        (category, city, count, created_at, experience_level, fetched_at, location, metric_type, record_date, salary_max, salary_min) 
    values
        (?, ?, ?, ?, ?, ?, ?, ?, ?, ?, ?)
Hibernate: 
    insert 
    into
        job_count_record
        (category, city, count, created_at, experience_level, fetched_at, location, metric_type, record_date, salary_max, salary_min) 
    values
        (?, ?, ?, ?, ?, ?, ?, ?, ?, ?, ?)
Hibernate: 
    select
        jcr1_0.id,
        jcr1_0.category,
        jcr1_0.city,
        jcr1_0.count,
        jcr1_0.created_at,
        jcr1_0.experience_level,
        jcr1_0.fetched_at,
        jcr1_0.location,
        jcr1_0.metric_type,
        jcr1_0.record_date,
        jcr1_0.salary_max,
        jcr1_0.salary_min 
    from
        job_count_record jcr1_0 
    where
        jcr1_0.category=? 
        and jcr1_0.metric_type=? 
        and jcr1_0.location=? 
        and (
            (
                ? is null 
                and jcr1_0.experience_level is null
            ) 
            or jcr1_0.experience_level=?
        ) 
        and (
            (
                ? is null 
                and jcr1_0.salary_min is null
            ) 
            or jcr1_0.salary_min=?
        ) 
        and (
            (
                ? is null 
                and jcr1_0.salary_max is null
            ) 
            or jcr1_0.salary_max=?
        ) 
        and jcr1_0.fetched_at between ? and ? 
    order by
        jcr1_0.fetched_at
Hibernate: 
    select
        jcr1_0.id,
        jcr1_0.category,
        jcr1_0.city,
        jcr1_0.count,
        jcr1_0.created_at,
        jcr1_0.experience_level,
        jcr1_0.fetched_at,
        jcr1_0.location,
        jcr1_0.metric_type,
        jcr1_0.record_date,
        jcr1_0.salary_max,
        jcr1_0.salary_min 
    from
        job_count_record jcr1_0
Hibernate: 
    insert 
    into
        job_count_record
        (category, city, count, created_at, experience_level, fetched_at, location, metric_type, record_date, salary_max, salary_min) 
    values
        (?, ?, ?, ?, ?, ?, ?, ?, ?, ?, ?)
Hibernate: 
    insert 
    into
        job_count_record
        (category, city, count, created_at, experience_level, fetched_at, location, metric_type, record_date, salary_max, salary_min) 
    values
        (?, ?, ?, ?, ?, ?, ?, ?, ?, ?, ?)
Hibernate: 
    insert 
    into
        job_count_record
        (category, city, count, created_at, experience_level, fetched_at, location, metric_type, record_date, salary_max, salary_min) 
    values
        (?, ?, ?, ?, ?, ?, ?, ?, ?, ?, ?)
Hibernate: 
    insert 
    into
        job_count_record
        (category, city, count, created_at, experience_level, fetched_at, location, metric_type, record_date, salary_max, salary_min) 
    values
        (?, ?, ?, ?, ?, ?, ?, ?, ?, ?, ?)
Hibernate: 
    insert 
    into
        job_count_record
        (category, city, count, created_at, experience_level, fetched_at, location, metric_type, record_date, salary_max, salary_min) 
    values
        (?, ?, ?, ?, ?, ?, ?, ?, ?, ?, ?)
Hibernate: 
    insert 
    into
        job_count_record
        (category, city, count, created_at, experience_level, fetched_at, location, metric_type, record_date, salary_max, salary_min) 
    values
        (?, ?, ?, ?, ?, ?, ?, ?, ?, ?, ?)
Hibernate: 
    insert 
    into
        job_count_record
        (category, city, count, created_at, experience_level, fetched_at, location, metric_type, record_date, salary_max, salary_min) 
    values
        (?, ?, ?, ?, ?, ?, ?, ?, ?, ?, ?)
Hibernate: 
    insert 
    into
        job_count_record
        (category, city, count, created_at, experience_level, fetched_at, location, metric_type, record_date, salary_max, salary_min) 
    values
        (?, ?, ?, ?, ?, ?, ?, ?, ?, ?, ?)
Hibernate: 
    insert 
    into
        job_count_record
        (category, city, count, created_at, experience_level, fetched_at, location, metric_type, record_date, salary_max, salary_min) 
    values
        (?, ?, ?, ?, ?, ?, ?, ?, ?, ?, ?)
Hibernate: 
    insert 
    into
        job_count_record
        (category, city, count, created_at, experience_level, fetched_at, location, metric_type, record_date, salary_max, salary_min) 
    values
        (?, ?, ?, ?, ?, ?, ?, ?, ?, ?, ?)
Hibernate: 
    insert 
    into
        job_count_record
        (category, city, count, created_at, experience_level, fetched_at, location, metric_type, record_date, salary_max, salary_min) 
    values
        (?, ?, ?, ?, ?, ?, ?, ?, ?, ?, ?)
Hibernate: 
    insert 
    into
        job_count_record
        (category, city, count, created_at, experience_level, fetched_at, location, metric_type, record_date, salary_max, salary_min) 
    values
        (?, ?, ?, ?, ?, ?, ?, ?, ?, ?, ?)
Hibernate: 
    insert 
    into
        job_count_record
        (category, city, count, created_at, experience_level, fetched_at, location, metric_type, record_date, salary_max, salary_min) 
    values
        (?, ?, ?, ?, ?, ?, ?, ?, ?, ?, ?)
Hibernate: 
    insert 
    into
        job_count_record
        (category, city, count, created_at, experience_level, fetched_at, location, metric_type, record_date, salary_max, salary_min) 
    values
        (?, ?, ?, ?, ?, ?, ?, ?, ?, ?, ?)
Hibernate: 
    insert 
    into
        job_count_record
        (category, city, count, created_at, experience_level, fetched_at, location, metric_type, record_date, salary_max, salary_min) 
    values
        (?, ?, ?, ?, ?, ?, ?, ?, ?, ?, ?)
Hibernate: 
    insert 
    into
        job_count_record
        (category, city, count, created_at, experience_level, fetched_at, location, metric_type, record_date, salary_max, salary_min) 
    values
        (?, ?, ?, ?, ?, ?, ?, ?, ?, ?, ?)
Hibernate: 
    select
        jcr1_0.id,
        jcr1_0.category,
        jcr1_0.city,
        jcr1_0.count,
        jcr1_0.created_at,
        jcr1_0.experience_level,
        jcr1_0.fetched_at,
        jcr1_0.location,
        jcr1_0.metric_type,
        jcr1_0.record_date,
        jcr1_0.salary_max,
        jcr1_0.salary_min 
    from
        job_count_record jcr1_0 
    where
        jcr1_0.category=? 
        and jcr1_0.metric_type=? 
        and jcr1_0.location=? 
        and (
            (
                ? is null 
                and jcr1_0.experience_level is null
            ) 
            or jcr1_0.experience_level=?
        ) 
        and (
            (
                ? is null 
                and jcr1_0.salary_min is null
            ) 
            or jcr1_0.salary_min=?
        ) 
        and (
            (
                ? is null 
                and jcr1_0.salary_max is null
            ) 
            or jcr1_0.salary_max=?
        ) 
        and jcr1_0.fetched_at between ? and ? 
    order by
        jcr1_0.fetched_at
Hibernate: 
    select
        jcr1_0.id,
        jcr1_0.category,
        jcr1_0.city,
        jcr1_0.count,
        jcr1_0.created_at,
        jcr1_0.experience_level,
        jcr1_0.fetched_at,
        jcr1_0.location,
        jcr1_0.metric_type,
        jcr1_0.record_date,
        jcr1_0.salary_max,
        jcr1_0.salary_min 
    from
        job_count_record jcr1_0
Hibernate: 
    insert 
    into
        job_count_record
        (category, city, count, created_at, experience_level, fetched_at, location, metric_type, record_date, salary_max, salary_min) 
    values
        (?, ?, ?, ?, ?, ?, ?, ?, ?, ?, ?)
Hibernate: 
    insert 
    into
        job_count_record
        (category, city, count, created_at, experience_level, fetched_at, location, metric_type, record_date, salary_max, salary_min) 
    values
        (?, ?, ?, ?, ?, ?, ?, ?, ?, ?, ?)
Hibernate: 
    insert 
    into
        job_count_record
        (category, city, count, created_at, experience_level, fetched_at, location, metric_type, record_date, salary_max, salary_min) 
    values
        (?, ?, ?, ?, ?, ?, ?, ?, ?, ?, ?)
Hibernate: 
    insert 
    into
        job_count_record
        (category, city, count, created_at, experience_level, fetched_at, location, metric_type, record_date, salary_max, salary_min) 
    values
        (?, ?, ?, ?, ?, ?, ?, ?, ?, ?, ?)
Hibernate: 
    insert 
    into
        job_count_record
        (category, city, count, created_at, experience_level, fetched_at, location, metric_type, record_date, salary_max, salary_min) 
    values
        (?, ?, ?, ?, ?, ?, ?, ?, ?, ?, ?)
Hibernate: 
    insert 
    into
        job_count_record
        (category, city, count, created_at, experience_level, fetched_at, location, metric_type, record_date, salary_max, salary_min) 
    values
        (?, ?, ?, ?, ?, ?, ?, ?, ?, ?, ?)
Hibernate: 
    insert 
    into
        job_count_record
        (category, city, count, created_at, experience_level, fetched_at, location, metric_type, record_date, salary_max, salary_min) 
    values
        (?, ?, ?, ?, ?, ?, ?, ?, ?, ?, ?)
Hibernate: 
    insert 
    into
        job_count_record
        (category, city, count, created_at, experience_level, fetched_at, location, metric_type, record_date, salary_max, salary_min) 
    values
        (?, ?, ?, ?, ?, ?, ?, ?, ?, ?, ?)
Hibernate: 
    insert 
    into
        job_count_record
        (category, city, count, created_at, experience_level, fetched_at, location, metric_type, record_date, salary_max, salary_min) 
    values
        (?, ?, ?, ?, ?, ?, ?, ?, ?, ?, ?)
Hibernate: 
    insert 
    into
        job_count_record
        (category, city, count, created_at, experience_level, fetched_at, location, metric_type, record_date, salary_max, salary_min) 
    values
        (?, ?, ?, ?, ?, ?, ?, ?, ?, ?, ?)
Hibernate: 
    insert 
    into
        job_count_record
        (category, city, count, created_at, experience_level, fetched_at, location, metric_type, record_date, salary_max, salary_min) 
    values
        (?, ?, ?, ?, ?, ?, ?, ?, ?, ?, ?)
Hibernate: 
    insert 
    into
        job_count_record
        (category, city, count, created_at, experience_level, fetched_at, location, metric_type, record_date, salary_max, salary_min) 
    values
        (?, ?, ?, ?, ?, ?, ?, ?, ?, ?, ?)
Hibernate: 
    insert 
    into
        job_count_record
        (category, city, count, created_at, experience_level, fetched_at, location, metric_type, record_date, salary_max, salary_min) 
    values
        (?, ?, ?, ?, ?, ?, ?, ?, ?, ?, ?)
Hibernate: 
    insert 
    into
        job_count_record
        (category, city, count, created_at, experience_level, fetched_at, location, metric_type, record_date, salary_max, salary_min) 
    values
        (?, ?, ?, ?, ?, ?, ?, ?, ?, ?, ?)
Hibernate: 
    insert 
    into
        job_count_record
        (category, city, count, created_at, experience_level, fetched_at, location, metric_type, record_date, salary_max, salary_min) 
    values
        (?, ?, ?, ?, ?, ?, ?, ?, ?, ?, ?)
Hibernate: 
    insert 
    into
        job_count_record
        (category, city, count, created_at, experience_level, fetched_at, location, metric_type, record_date, salary_max, salary_min) 
    values
        (?, ?, ?, ?, ?, ?, ?, ?, ?, ?, ?)
Hibernate: 
    select
        jcr1_0.id,
        jcr1_0.category,
        jcr1_0.city,
        jcr1_0.count,
        jcr1_0.created_at,
        jcr1_0.experience_level,
        jcr1_0.fetched_at,
        jcr1_0.location,
        jcr1_0.metric_type,
        jcr1_0.record_date,
        jcr1_0.salary_max,
        jcr1_0.salary_min 
    from
        job_count_record jcr1_0 
    where
        jcr1_0.category=? 
        and jcr1_0.metric_type=? 
        and jcr1_0.location=? 
        and (
            (
                ? is null 
                and jcr1_0.experience_level is null
            ) 
            or jcr1_0.experience_level=?
        ) 
        and (
            (
                ? is null 
                and jcr1_0.salary_min is null
            ) 
            or jcr1_0.salary_min=?
        ) 
        and (
            (
                ? is null 
                and jcr1_0.salary_max is null
            ) 
            or jcr1_0.salary_max=?
        ) 
        and jcr1_0.fetched_at between ? and ? 
    order by
        jcr1_0.fetched_at
Hibernate: 
    select
        jcr1_0.id,
        jcr1_0.category,
        jcr1_0.city,
        jcr1_0.count,
        jcr1_0.created_at,
        jcr1_0.experience_level,
        jcr1_0.fetched_at,
        jcr1_0.location,
        jcr1_0.metric_type,
        jcr1_0.record_date,
        jcr1_0.salary_max,
        jcr1_0.salary_min 
    from
        job_count_record jcr1_0
Hibernate: 
    insert 
    into
        job_count_record
        (category, city, count, created_at, experience_level, fetched_at, location, metric_type, record_date, salary_max, salary_min) 
    values
        (?, ?, ?, ?, ?, ?, ?, ?, ?, ?, ?)
Hibernate: 
    insert 
    into
        job_count_record
        (category, city, count, created_at, experience_level, fetched_at, location, metric_type, record_date, salary_max, salary_min) 
    values
        (?, ?, ?, ?, ?, ?, ?, ?, ?, ?, ?)
Hibernate: 
    insert 
    into
        job_count_record
        (category, city, count, created_at, experience_level, fetched_at, location, metric_type, record_date, salary_max, salary_min) 
    values
        (?, ?, ?, ?, ?, ?, ?, ?, ?, ?, ?)
Hibernate: 
    insert 
    into
        job_count_record
        (category, city, count, created_at, experience_level, fetched_at, location, metric_type, record_date, salary_max, salary_min) 
    values
        (?, ?, ?, ?, ?, ?, ?, ?, ?, ?, ?)
Hibernate: 
    insert 
    into
        job_count_record
        (category, city, count, created_at, experience_level, fetched_at, location, metric_type, record_date, salary_max, salary_min) 
    values
        (?, ?, ?, ?, ?, ?, ?, ?, ?, ?, ?)
Hibernate: 
    insert 
    into
        job_count_record
        (category, city, count, created_at, experience_level, fetched_at, location, metric_type, record_date, salary_max, salary_min) 
    values
        (?, ?, ?, ?, ?, ?, ?, ?, ?, ?, ?)
Hibernate: 
    insert 
    into
        job_count_record
        (category, city, count, created_at, experience_level, fetched_at, location, metric_type, record_date, salary_max, salary_min) 
    values
        (?, ?, ?, ?, ?, ?, ?, ?, ?, ?, ?)
Hibernate: 
    insert 
    into
        job_count_record
        (category, city, count, created_at, experience_level, fetched_at, location, metric_type, record_date, salary_max, salary_min) 
    values
        (?, ?, ?, ?, ?, ?, ?, ?, ?, ?, ?)
Hibernate: 
    insert 
    into
        job_count_record
        (category, city, count, created_at, experience_level, fetched_at, location, metric_type, record_date, salary_max, salary_min) 
    values
        (?, ?, ?, ?, ?, ?, ?, ?, ?, ?, ?)
Hibernate: 
    insert 
    into
        job_count_record
        (category, city, count, created_at, experience_level, fetched_at, location, metric_type, record_date, salary_max, salary_min) 
    values
        (?, ?, ?, ?, ?, ?, ?, ?, ?, ?, ?)
Hibernate: 
    insert 
    into
        job_count_record
        (category, city, count, created_at, experience_level, fetched_at, location, metric_type, record_date, salary_max, salary_min) 
    values
        (?, ?, ?, ?, ?, ?, ?, ?, ?, ?, ?)
Hibernate: 
    insert 
    into
        job_count_record
        (category, city, count, created_at, experience_level, fetched_at, location, metric_type, record_date, salary_max, salary_min) 
    values
        (?, ?, ?, ?, ?, ?, ?, ?, ?, ?, ?)
Hibernate: 
    insert 
    into
        job_count_record
        (category, city, count, created_at, experience_level, fetched_at, location, metric_type, record_date, salary_max, salary_min) 
    values
        (?, ?, ?, ?, ?, ?, ?, ?, ?, ?, ?)
Hibernate: 
    insert 
    into
        job_count_record
        (category, city, count, created_at, experience_level, fetched_at, location, metric_type, record_date, salary_max, salary_min) 
    values
        (?, ?, ?, ?, ?, ?, ?, ?, ?, ?, ?)
Hibernate: 
    insert 
    into
        job_count_record
        (category, city, count, created_at, experience_level, fetched_at, location, metric_type, record_date, salary_max, salary_min) 
    values
        (?, ?, ?, ?, ?, ?, ?, ?, ?, ?, ?)
Hibernate: 
    insert 
    into
        job_count_record
        (category, city, count, created_at, experience_level, fetched_at, location, metric_type, record_date, salary_max, salary_min) 
    values
        (?, ?, ?, ?, ?, ?, ?, ?, ?, ?, ?)
Hibernate: 
    select
        jcr1_0.id,
        jcr1_0.category,
        jcr1_0.city,
        jcr1_0.count,
        jcr1_0.created_at,
        jcr1_0.experience_level,
        jcr1_0.fetched_at,
        jcr1_0.location,
        jcr1_0.metric_type,
        jcr1_0.record_date,
        jcr1_0.salary_max,
        jcr1_0.salary_min 
    from
        job_count_record jcr1_0 
    where
        jcr1_0.category=? 
        and jcr1_0.metric_type=? 
        and jcr1_0.location=? 
        and (
            (
                ? is null 
                and jcr1_0.experience_level is null
            ) 
            or jcr1_0.experience_level=?
        ) 
        and (
            (
                ? is null 
                and jcr1_0.salary_min is null
            ) 
            or jcr1_0.salary_min=?
        ) 
        and (
            (
                ? is null 
                and jcr1_0.salary_max is null
            ) 
            or jcr1_0.salary_max=?
        ) 
        and jcr1_0.fetched_at between ? and ? 
    order by
        jcr1_0.fetched_at
Hibernate: 
    select
        jcr1_0.id,
        jcr1_0.category,
        jcr1_0.city,
        jcr1_0.count,
        jcr1_0.created_at,
        jcr1_0.experience_level,
        jcr1_0.fetched_at,
        jcr1_0.location,
        jcr1_0.metric_type,
        jcr1_0.record_date,
        jcr1_0.salary_max,
        jcr1_0.salary_min 
    from
        job_count_record jcr1_0
Hibernate: 
    insert 
    into
        job_count_record
        (category, city, count, created_at, experience_level, fetched_at, location, metric_type, record_date, salary_max, salary_min) 
    values
        (?, ?, ?, ?, ?, ?, ?, ?, ?, ?, ?)
Hibernate: 
    insert 
    into
        job_count_record
        (category, city, count, created_at, experience_level, fetched_at, location, metric_type, record_date, salary_max, salary_min) 
    values
        (?, ?, ?, ?, ?, ?, ?, ?, ?, ?, ?)
Hibernate: 
    insert 
    into
        job_count_record
        (category, city, count, created_at, experience_level, fetched_at, location, metric_type, record_date, salary_max, salary_min) 
    values
        (?, ?, ?, ?, ?, ?, ?, ?, ?, ?, ?)
Hibernate: 
    insert 
    into
        job_count_record
        (category, city, count, created_at, experience_level, fetched_at, location, metric_type, record_date, salary_max, salary_min) 
    values
        (?, ?, ?, ?, ?, ?, ?, ?, ?, ?, ?)
Hibernate: 
    insert 
    into
        job_count_record
        (category, city, count, created_at, experience_level, fetched_at, location, metric_type, record_date, salary_max, salary_min) 
    values
        (?, ?, ?, ?, ?, ?, ?, ?, ?, ?, ?)
Hibernate: 
    insert 
    into
        job_count_record
        (category, city, count, created_at, experience_level, fetched_at, location, metric_type, record_date, salary_max, salary_min) 
    values
        (?, ?, ?, ?, ?, ?, ?, ?, ?, ?, ?)
Hibernate: 
    insert 
    into
        job_count_record
        (category, city, count, created_at, experience_level, fetched_at, location, metric_type, record_date, salary_max, salary_min) 
    values
        (?, ?, ?, ?, ?, ?, ?, ?, ?, ?, ?)
Hibernate: 
    insert 
    into
        job_count_record
        (category, city, count, created_at, experience_level, fetched_at, location, metric_type, record_date, salary_max, salary_min) 
    values
        (?, ?, ?, ?, ?, ?, ?, ?, ?, ?, ?)
Hibernate: 
    insert 
    into
        job_count_record
        (category, city, count, created_at, experience_level, fetched_at, location, metric_type, record_date, salary_max, salary_min) 
    values
        (?, ?, ?, ?, ?, ?, ?, ?, ?, ?, ?)
Hibernate: 
    insert 
    into
        job_count_record
        (category, city, count, created_at, experience_level, fetched_at, location, metric_type, record_date, salary_max, salary_min) 
    values
        (?, ?, ?, ?, ?, ?, ?, ?, ?, ?, ?)
Hibernate: 
    insert 
    into
        job_count_record
        (category, city, count, created_at, experience_level, fetched_at, location, metric_type, record_date, salary_max, salary_min) 
    values
        (?, ?, ?, ?, ?, ?, ?, ?, ?, ?, ?)
Hibernate: 
    insert 
    into
        job_count_record
        (category, city, count, created_at, experience_level, fetched_at, location, metric_type, record_date, salary_max, salary_min) 
    values
        (?, ?, ?, ?, ?, ?, ?, ?, ?, ?, ?)
Hibernate: 
    insert 
    into
        job_count_record
        (category, city, count, created_at, experience_level, fetched_at, location, metric_type, record_date, salary_max, salary_min) 
    values
        (?, ?, ?, ?, ?, ?, ?, ?, ?, ?, ?)
Hibernate: 
    insert 
    into
        job_count_record
        (category, city, count, created_at, experience_level, fetched_at, location, metric_type, record_date, salary_max, salary_min) 
    values
        (?, ?, ?, ?, ?, ?, ?, ?, ?, ?, ?)
Hibernate: 
    insert 
    into
        job_count_record
        (category, city, count, created_at, experience_level, fetched_at, location, metric_type, record_date, salary_max, salary_min) 
    values
        (?, ?, ?, ?, ?, ?, ?, ?, ?, ?, ?)
Hibernate: 
    insert 
    into
        job_count_record
        (category, city, count, created_at, experience_level, fetched_at, location, metric_type, record_date, salary_max, salary_min) 
    values
        (?, ?, ?, ?, ?, ?, ?, ?, ?, ?, ?)
Hibernate: 
    select
        jcr1_0.id,
        jcr1_0.category,
        jcr1_0.city,
        jcr1_0.count,
        jcr1_0.created_at,
        jcr1_0.experience_level,
        jcr1_0.fetched_at,
        jcr1_0.location,
        jcr1_0.metric_type,
        jcr1_0.record_date,
        jcr1_0.salary_max,
        jcr1_0.salary_min 
    from
        job_count_record jcr1_0 
    where
        jcr1_0.category=? 
        and jcr1_0.metric_type=? 
        and jcr1_0.location=? 
        and (
            (
                ? is null 
                and jcr1_0.experience_level is null
            ) 
            or jcr1_0.experience_level=?
        ) 
        and (
            (
                ? is null 
                and jcr1_0.salary_min is null
            ) 
            or jcr1_0.salary_min=?
        ) 
        and (
            (
                ? is null 
                and jcr1_0.salary_max is null
            ) 
            or jcr1_0.salary_max=?
        ) 
        and jcr1_0.fetched_at between ? and ? 
    order by
        jcr1_0.fetched_at
Hibernate: 
    select
        jcr1_0.id,
        jcr1_0.category,
        jcr1_0.city,
        jcr1_0.count,
        jcr1_0.created_at,
        jcr1_0.experience_level,
        jcr1_0.fetched_at,
        jcr1_0.location,
        jcr1_0.metric_type,
        jcr1_0.record_date,
        jcr1_0.salary_max,
        jcr1_0.salary_min 
    from
        job_count_record jcr1_0
Hibernate: 
    insert 
    into
        job_count_record
        (category, city, count, created_at, experience_level, fetched_at, location, metric_type, record_date, salary_max, salary_min) 
    values
        (?, ?, ?, ?, ?, ?, ?, ?, ?, ?, ?)
Hibernate: 
    insert 
    into
        job_count_record
        (category, city, count, created_at, experience_level, fetched_at, location, metric_type, record_date, salary_max, salary_min) 
    values
        (?, ?, ?, ?, ?, ?, ?, ?, ?, ?, ?)
Hibernate: 
    insert 
    into
        job_count_record
        (category, city, count, created_at, experience_level, fetched_at, location, metric_type, record_date, salary_max, salary_min) 
    values
        (?, ?, ?, ?, ?, ?, ?, ?, ?, ?, ?)
Hibernate: 
    insert 
    into
        job_count_record
        (category, city, count, created_at, experience_level, fetched_at, location, metric_type, record_date, salary_max, salary_min) 
    values
        (?, ?, ?, ?, ?, ?, ?, ?, ?, ?, ?)
Hibernate: 
    insert 
    into
        job_count_record
        (category, city, count, created_at, experience_level, fetched_at, location, metric_type, record_date, salary_max, salary_min) 
    values
        (?, ?, ?, ?, ?, ?, ?, ?, ?, ?, ?)
Hibernate: 
    insert 
    into
        job_count_record
        (category, city, count, created_at, experience_level, fetched_at, location, metric_type, record_date, salary_max, salary_min) 
    values
        (?, ?, ?, ?, ?, ?, ?, ?, ?, ?, ?)
Hibernate: 
    insert 
    into
        job_count_record
        (category, city, count, created_at, experience_level, fetched_at, location, metric_type, record_date, salary_max, salary_min) 
    values
        (?, ?, ?, ?, ?, ?, ?, ?, ?, ?, ?)
Hibernate: 
    insert 
    into
        job_count_record
        (category, city, count, created_at, experience_level, fetched_at, location, metric_type, record_date, salary_max, salary_min) 
    values
        (?, ?, ?, ?, ?, ?, ?, ?, ?, ?, ?)
Hibernate: 
    insert 
    into
        job_count_record
        (category, city, count, created_at, experience_level, fetched_at, location, metric_type, record_date, salary_max, salary_min) 
    values
        (?, ?, ?, ?, ?, ?, ?, ?, ?, ?, ?)
Hibernate: 
    insert 
    into
        job_count_record
        (category, city, count, created_at, experience_level, fetched_at, location, metric_type, record_date, salary_max, salary_min) 
    values
        (?, ?, ?, ?, ?, ?, ?, ?, ?, ?, ?)
Hibernate: 
    insert 
    into
        job_count_record
        (category, city, count, created_at, experience_level, fetched_at, location, metric_type, record_date, salary_max, salary_min) 
    values
        (?, ?, ?, ?, ?, ?, ?, ?, ?, ?, ?)
Hibernate: 
    insert 
    into
        job_count_record
        (category, city, count, created_at, experience_level, fetched_at, location, metric_type, record_date, salary_max, salary_min) 
    values
        (?, ?, ?, ?, ?, ?, ?, ?, ?, ?, ?)
Hibernate: 
    insert 
    into
        job_count_record
        (category, city, count, created_at, experience_level, fetched_at, location, metric_type, record_date, salary_max, salary_min) 
    values
        (?, ?, ?, ?, ?, ?, ?, ?, ?, ?, ?)
Hibernate: 
    insert 
    into
        job_count_record
        (category, city, count, created_at, experience_level, fetched_at, location, metric_type, record_date, salary_max, salary_min) 
    values
        (?, ?, ?, ?, ?, ?, ?, ?, ?, ?, ?)
Hibernate: 
    insert 
    into
        job_count_record
        (category, city, count, created_at, experience_level, fetched_at, location, metric_type, record_date, salary_max, salary_min) 
    values
        (?, ?, ?, ?, ?, ?, ?, ?, ?, ?, ?)
Hibernate: 
    insert 
    into
        job_count_record
        (category, city, count, created_at, experience_level, fetched_at, location, metric_type, record_date, salary_max, salary_min) 
    values
        (?, ?, ?, ?, ?, ?, ?, ?, ?, ?, ?)
Hibernate: 
    select
        jcr1_0.id,
        jcr1_0.category,
        jcr1_0.city,
        jcr1_0.count,
        jcr1_0.created_at,
        jcr1_0.experience_level,
        jcr1_0.fetched_at,
        jcr1_0.location,
        jcr1_0.metric_type,
        jcr1_0.record_date,
        jcr1_0.salary_max,
        jcr1_0.salary_min 
    from
        job_count_record jcr1_0 
    where
        jcr1_0.category=? 
        and jcr1_0.metric_type=? 
        and jcr1_0.location=? 
        and (
            (
                ? is null 
                and jcr1_0.experience_level is null
            ) 
            or jcr1_0.experience_level=?
        ) 
        and (
            (
                ? is null 
                and jcr1_0.salary_min is null
            ) 
            or jcr1_0.salary_min=?
        ) 
        and (
            (
                ? is null 
                and jcr1_0.salary_max is null
            ) 
            or jcr1_0.salary_max=?
        ) 
        and jcr1_0.fetched_at between ? and ? 
    order by
        jcr1_0.fetched_at
Hibernate: 
    select
        jcr1_0.id,
        jcr1_0.category,
        jcr1_0.city,
        jcr1_0.count,
        jcr1_0.created_at,
        jcr1_0.experience_level,
        jcr1_0.fetched_at,
        jcr1_0.location,
        jcr1_0.metric_type,
        jcr1_0.record_date,
        jcr1_0.salary_max,
        jcr1_0.salary_min 
    from
        job_count_record jcr1_0
Hibernate: 
    insert 
    into
        job_count_record
        (category, city, count, created_at, experience_level, fetched_at, location, metric_type, record_date, salary_max, salary_min) 
    values
        (?, ?, ?, ?, ?, ?, ?, ?, ?, ?, ?)
Hibernate: 
    insert 
    into
        job_count_record
        (category, city, count, created_at, experience_level, fetched_at, location, metric_type, record_date, salary_max, salary_min) 
    values
        (?, ?, ?, ?, ?, ?, ?, ?, ?, ?, ?)
Hibernate: 
    insert 
    into
        job_count_record
        (category, city, count, created_at, experience_level, fetched_at, location, metric_type, record_date, salary_max, salary_min) 
    values
        (?, ?, ?, ?, ?, ?, ?, ?, ?, ?, ?)
Hibernate: 
    insert 
    into
        job_count_record
        (category, city, count, created_at, experience_level, fetched_at, location, metric_type, record_date, salary_max, salary_min) 
    values
        (?, ?, ?, ?, ?, ?, ?, ?, ?, ?, ?)
Hibernate: 
    insert 
    into
        job_count_record
        (category, city, count, created_at, experience_level, fetched_at, location, metric_type, record_date, salary_max, salary_min) 
    values
        (?, ?, ?, ?, ?, ?, ?, ?, ?, ?, ?)
Hibernate: 
    insert 
    into
        job_count_record
        (category, city, count, created_at, experience_level, fetched_at, location, metric_type, record_date, salary_max, salary_min) 
    values
        (?, ?, ?, ?, ?, ?, ?, ?, ?, ?, ?)
Hibernate: 
    insert 
    into
        job_count_record
        (category, city, count, created_at, experience_level, fetched_at, location, metric_type, record_date, salary_max, salary_min) 
    values
        (?, ?, ?, ?, ?, ?, ?, ?, ?, ?, ?)
Hibernate: 
    insert 
    into
        job_count_record
        (category, city, count, created_at, experience_level, fetched_at, location, metric_type, record_date, salary_max, salary_min) 
    values
        (?, ?, ?, ?, ?, ?, ?, ?, ?, ?, ?)
Hibernate: 
    insert 
    into
        job_count_record
        (category, city, count, created_at, experience_level, fetched_at, location, metric_type, record_date, salary_max, salary_min) 
    values
        (?, ?, ?, ?, ?, ?, ?, ?, ?, ?, ?)
Hibernate: 
    insert 
    into
        job_count_record
        (category, city, count, created_at, experience_level, fetched_at, location, metric_type, record_date, salary_max, salary_min) 
    values
        (?, ?, ?, ?, ?, ?, ?, ?, ?, ?, ?)
Hibernate: 
    insert 
    into
        job_count_record
        (category, city, count, created_at, experience_level, fetched_at, location, metric_type, record_date, salary_max, salary_min) 
    values
        (?, ?, ?, ?, ?, ?, ?, ?, ?, ?, ?)
Hibernate: 
    insert 
    into
        job_count_record
        (category, city, count, created_at, experience_level, fetched_at, location, metric_type, record_date, salary_max, salary_min) 
    values
        (?, ?, ?, ?, ?, ?, ?, ?, ?, ?, ?)
Hibernate: 
    insert 
    into
        job_count_record
        (category, city, count, created_at, experience_level, fetched_at, location, metric_type, record_date, salary_max, salary_min) 
    values
        (?, ?, ?, ?, ?, ?, ?, ?, ?, ?, ?)
Hibernate: 
    insert 
    into
        job_count_record
        (category, city, count, created_at, experience_level, fetched_at, location, metric_type, record_date, salary_max, salary_min) 
    values
        (?, ?, ?, ?, ?, ?, ?, ?, ?, ?, ?)
Hibernate: 
    insert 
    into
        job_count_record
        (category, city, count, created_at, experience_level, fetched_at, location, metric_type, record_date, salary_max, salary_min) 
    values
        (?, ?, ?, ?, ?, ?, ?, ?, ?, ?, ?)
Hibernate: 
    insert 
    into
        job_count_record
        (category, city, count, created_at, experience_level, fetched_at, location, metric_type, record_date, salary_max, salary_min) 
    values
        (?, ?, ?, ?, ?, ?, ?, ?, ?, ?, ?)
Hibernate: 
    select
        jcr1_0.id,
        jcr1_0.category,
        jcr1_0.city,
        jcr1_0.count,
        jcr1_0.created_at,
        jcr1_0.experience_level,
        jcr1_0.fetched_at,
        jcr1_0.location,
        jcr1_0.metric_type,
        jcr1_0.record_date,
        jcr1_0.salary_max,
        jcr1_0.salary_min 
    from
        job_count_record jcr1_0 
    where
        jcr1_0.category=? 
        and jcr1_0.metric_type=? 
        and jcr1_0.location=? 
        and (
            (
                ? is null 
                and jcr1_0.experience_level is null
            ) 
            or jcr1_0.experience_level=?
        ) 
        and (
            (
                ? is null 
                and jcr1_0.salary_min is null
            ) 
            or jcr1_0.salary_min=?
        ) 
        and (
            (
                ? is null 
                and jcr1_0.salary_max is null
            ) 
            or jcr1_0.salary_max=?
        ) 
        and jcr1_0.fetched_at between ? and ? 
    order by
        jcr1_0.fetched_at
]]></system-out>
  <system-err><![CDATA[]]></system-err>
</testsuite>
